#
# There is insufficient memory for the Java Runtime Environment to continue.
# Native memory allocation (mmap) failed to map 48234496 bytes for committing reserved memory.
# Possible reasons:
#   The system is out of physical RAM or swap space
#   In 32 bit mode, the process size limit was hit
# Possible solutions:
#   Reduce memory load on the system
#   Increase physical memory or swap space
#   Check if swap backing store is full
#   Use 64 bit Java on a 64 bit OS
#   Decrease Java heap size (-Xmx/-Xms)
#   Decrease number of Java threads
#   Decrease Java thread stack sizes (-Xss)
#   Set larger code cache with -XX:ReservedCodeCacheSize=
# This output file may be truncated or incomplete.
#
#  Out of Memory Error (os_linux.cpp:2643), pid=16272, tid=0x00007f86881f4700
#
# JRE version: OpenJDK Runtime Environment (8.0_151-b12) (build 1.8.0_151-8u151-b12-0ubuntu0.17.10.2-b12)
# Java VM: OpenJDK 64-Bit Server VM (25.151-b12 mixed mode linux-amd64 compressed oops)
# Failed to write core dump. Core dumps have been disabled. To enable core dumping, try "ulimit -c unlimited" before starting Java again
#

---------------  T H R E A D  ---------------

Current thread (0x00007f868000c000):  JavaThread "main" [_thread_in_vm, id=16275, stack(0x00007f86880f4000,0x00007f86881f5000)]

Stack: [0x00007f86880f4000,0x00007f86881f5000],  sp=0x00007f86881f3340,  free space=1020k
Native frames: (J=compiled Java code, j=interpreted, Vv=VM code, C=native code)
V  [libjvm.so+0xaa61a2]
V  [libjvm.so+0x4d6d87]
V  [libjvm.so+0x8e2760]
V  [libjvm.so+0x8dcdce]
V  [libjvm.so+0x95cc36]
V  [libjvm.so+0x94b8aa]
V  [libjvm.so+0x94ba78]
V  [libjvm.so+0x94bd98]
V  [libjvm.so+0x90898b]
V  [libjvm.so+0xa64646]
V  [libjvm.so+0x669347]
j  org.opencv.highgui.HighGui.toBufferedImage(Lorg/opencv/core/Mat;)Ljava/awt/Image;+29
j  org.opencv.highgui.HighGui.waitKey(I)I+159
j  com.CDIO3.Main.main([Ljava/lang/String;)V+94
v  ~StubRoutines::call_stub
V  [libjvm.so+0x67b49b]
V  [libjvm.so+0x69f617]
V  [libjvm.so+0x6a1fd3]
C  [libjli.so+0x36d6]
C  [libjli.so+0x76ed]
C  [libpthread.so.0+0x77fc]  start_thread+0xdc

Java frames: (J=compiled Java code, j=interpreted, Vv=VM code)
j  org.opencv.highgui.HighGui.toBufferedImage(Lorg/opencv/core/Mat;)Ljava/awt/Image;+29
j  org.opencv.highgui.HighGui.waitKey(I)I+159
j  com.CDIO3.Main.main([Ljava/lang/String;)V+94
v  ~StubRoutines::call_stub

---------------  P R O C E S S  ---------------

Java Threads: ( => current thread )
  0x00007f85d0003800 JavaThread "Thread-0" daemon [_thread_in_native, id=16317, stack(0x00007f85fe3f1000,0x00007f85febf2000)]
  0x00007f8680e8b800 JavaThread "AWT-EventQueue-1" [_thread_blocked, id=16319, stack(0x00007f85fdfef000,0x00007f85fe0f0000)]
  0x00007f86817a9800 JavaThread "AWT-Shutdown" [_thread_blocked, id=16318, stack(0x00007f85fe0f0000,0x00007f85fe1f1000)]
  0x00007f8681688000 JavaThread "process reaper" daemon [_thread_blocked, id=16316, stack(0x00007f8670015000,0x00007f867004e000)]
  0x00007f8681612000 JavaThread "AWT-XAWT" daemon [_thread_blocked, id=16314, stack(0x00007f8600579000,0x00007f860067a000)]
  0x00007f85ddfa9000 JavaThread "Java2D Disposer" daemon [_thread_blocked, id=16313, stack(0x00007f8644058000,0x00007f8644159000)]
  0x00007f8680278800 JavaThread "Service Thread" daemon [_thread_blocked, id=16299, stack(0x00007f8660605000,0x00007f8660706000)]
  0x00007f868026b800 JavaThread "C1 CompilerThread2" daemon [_thread_blocked, id=16298, stack(0x00007f8660706000,0x00007f8660807000)]
  0x00007f8680266000 JavaThread "C2 CompilerThread1" daemon [_thread_blocked, id=16297, stack(0x00007f8660807000,0x00007f8660908000)]
  0x00007f8680264800 JavaThread "C2 CompilerThread0" daemon [_thread_blocked, id=16296, stack(0x00007f8660b20000,0x00007f8660c21000)]
  0x00007f8680268000 JavaThread "Monitor Ctrl-Break" daemon [_thread_in_native, id=16295, stack(0x00007f8660c21000,0x00007f8660d22000)]
  0x00007f8680174000 JavaThread "Signal Dispatcher" daemon [_thread_blocked, id=16294, stack(0x00007f8660d22000,0x00007f8660e23000)]
  0x00007f868014d000 JavaThread "Finalizer" daemon [_thread_blocked, id=16287, stack(0x00007f86610ff000,0x00007f8661200000)]
  0x00007f8680148800 JavaThread "Reference Handler" daemon [_thread_blocked, id=16286, stack(0x00007f8661200000,0x00007f8661301000)]
=>0x00007f868000c000 JavaThread "main" [_thread_in_vm, id=16275, stack(0x00007f86880f4000,0x00007f86881f5000)]

Other Threads:
  0x00007f8680140800 VMThread [stack: 0x00007f8661301000,0x00007f8661402000] [id=16284]
  0x00007f868027b000 WatcherThread [stack: 0x00007f8660504000,0x00007f8660605000] [id=16300]

VM state:synchronizing (normal execution)

VM Mutex/Monitor currently owned by a thread:  ([mutex/lock_event])
[0x00007f8680005ed0] ExpandHeap_lock - owner thread: 0x00007f868000c000
[0x00007f86800086d0] Threads_lock - owner thread: 0x00007f8680140800
[0x00007f8680008bd0] Heap_lock - owner thread: 0x00007f868000c000

Heap:
 PSYoungGen      total 17920K, used 8738K [0x00000000ec100000, 0x00000000ed500000, 0x0000000100000000)
  eden space 15360K, 40% used [0x00000000ec100000,0x00000000ec708930,0x00000000ed000000)
  from space 2560K, 100% used [0x00000000ed000000,0x00000000ed280000,0x00000000ed280000)
  to   space 2560K, 0% used [0x00000000ed280000,0x00000000ed280000,0x00000000ed500000)
 ParOldGen       total 356352K, used 343923K [0x00000000c4200000, 0x00000000d9e00000, 0x00000000ec100000)
  object space 356352K, 96% used [0x00000000c4200000,0x00000000d91dccd8,0x00000000d9e00000)
 Metaspace       used 11073K, capacity 11348K, committed 11648K, reserved 1058816K
  class space    used 1210K, capacity 1306K, committed 1408K, reserved 1048576K

Card table byte_map: [0x00007f8684330000,0x00007f8684510000] byte_map_base: 0x00007f8683d0f000

Marking Bits: (ParMarkBitMap*) 0x00007f86873bb0e0
 Begin Bits: [0x00007f8662210000, 0x00007f8663108000)
 End Bits:   [0x00007f8663108000, 0x00007f8664000000)

Polling page: 0x00007f868822b000

CodeCache: size=245760Kb used=2777Kb max_used=2777Kb free=242982Kb
 bounds [0x00007f8671000000, 0x00007f86712c0000, 0x00007f8680000000]
 total_blobs=1374 nmethods=667 adapters=622
 compilation: enabled

Compilation events (10 events):
Event: 9.265 Thread 0x00007f8680264800 nmethod 664 0x00007f86712b6c50 code [0x00007f86712b6da0, 0x00007f86712b6e58]
Event: 9.385 Thread 0x00007f868026b800  666       3       java.util.HashMap$HashIterator::<init> (79 bytes)
Event: 9.524 Thread 0x00007f868026b800 nmethod 666 0x00007f86712b65d0 code [0x00007f86712b6740, 0x00007f86712b6ad0]
Event: 9.526 Thread 0x00007f868026b800  667       3       java.awt.KeyboardFocusManager::getCurrentKeyboardFocusManager (7 bytes)
Event: 10.043 Thread 0x00007f868026b800 nmethod 667 0x00007f86712b5ad0 code [0x00007f86712b5c80, 0x00007f86712b6318]
Event: 10.050 Thread 0x00007f868026b800  669   !   3       sun.awt.X11.XBaseWindow::checkInitialised (108 bytes)
Event: 10.143 Thread 0x00007f868026b800 nmethod 669 0x00007f86712b6f10 code [0x00007f86712b71e0, 0x00007f86712b8ab8]
Event: 10.156 Thread 0x00007f868026b800  670       1       sun.awt.X11.Native::putByte (9 bytes)
Event: 10.157 Thread 0x00007f8680266000  671       4       java.util.concurrent.locks.ReentrantLock$Sync::nonfairTryAcquire (67 bytes)
Event: 10.157 Thread 0x00007f8680264800  672       4       java.util.concurrent.locks.ReentrantLock$NonfairSync::tryAcquire (6 bytes)

GC Heap History (2 events):
Event: 5.273 GC heap before
{Heap before GC invocations=1 (full 0):
 PSYoungGen      total 17920K, used 15360K [0x00000000ec100000, 0x00000000ed500000, 0x0000000100000000)
  eden space 15360K, 100% used [0x00000000ec100000,0x00000000ed000000,0x00000000ed000000)
  from space 2560K, 0% used [0x00000000ed280000,0x00000000ed280000,0x00000000ed500000)
  to   space 2560K, 0% used [0x00000000ed000000,0x00000000ed000000,0x00000000ed280000)
 ParOldGen       total 40960K, used 31104K [0x00000000c4200000, 0x00000000c6a00000, 0x00000000ec100000)
  object space 40960K, 75% used [0x00000000c4200000,0x00000000c6060020,0x00000000c6a00000)
 Metaspace       used 6936K, capacity 7102K, committed 7296K, reserved 1056768K
  class space    used 718K, capacity 791K, committed 896K, reserved 1048576K
Event: 5.291 GC heap after
Heap after GC invocations=1 (full 0):
 PSYoungGen      total 17920K, used 2560K [0x00000000ec100000, 0x00000000ed500000, 0x0000000100000000)
  eden space 15360K, 0% used [0x00000000ec100000,0x00000000ec100000,0x00000000ed000000)
  from space 2560K, 100% used [0x00000000ed000000,0x00000000ed280000,0x00000000ed280000)
  to   space 2560K, 0% used [0x00000000ed280000,0x00000000ed280000,0x00000000ed500000)
 ParOldGen       total 40960K, used 32883K [0x00000000c4200000, 0x00000000c6a00000, 0x00000000ec100000)
  object space 40960K, 80% used [0x00000000c4200000,0x00000000c621cc18,0x00000000c6a00000)
 Metaspace       used 6936K, capacity 7102K, committed 7296K, reserved 1056768K
  class space    used 718K, capacity 791K, committed 896K, reserved 1048576K
}

Deoptimization events (10 events):
Event: 5.327 Thread 0x00007f868000c000 Uncommon trap: reason=class_check action=maybe_recompile pc=0x00007f86711ff380 method=java.lang.ref.ReferenceQueue.reallyPoll()Ljava/lang/ref/Reference; @ 52
Event: 5.327 Thread 0x00007f868000c000 Uncommon trap: reason=class_check action=maybe_recompile pc=0x00007f86711ff380 method=java.lang.ref.ReferenceQueue.reallyPoll()Ljava/lang/ref/Reference; @ 52
Event: 5.328 Thread 0x00007f868014d000 Uncommon trap: reason=bimorphic action=maybe_recompile pc=0x00007f86712062b8 method=java.lang.System$2.invokeFinalize(Ljava/lang/Object;)V @ 1
Event: 5.328 Thread 0x00007f868014d000 Uncommon trap: reason=bimorphic action=maybe_recompile pc=0x00007f86712062b8 method=java.lang.System$2.invokeFinalize(Ljava/lang/Object;)V @ 1
Event: 5.328 Thread 0x00007f868014d000 Uncommon trap: reason=bimorphic action=maybe_recompile pc=0x00007f86712062b8 method=java.lang.System$2.invokeFinalize(Ljava/lang/Object;)V @ 1
Event: 5.328 Thread 0x00007f868014d000 Uncommon trap: reason=bimorphic action=maybe_recompile pc=0x00007f86712062b8 method=java.lang.System$2.invokeFinalize(Ljava/lang/Object;)V @ 1
Event: 5.329 Thread 0x00007f868014d000 Uncommon trap: reason=bimorphic action=maybe_recompile pc=0x00007f8671206f60 method=java.lang.System$2.invokeFinalize(Ljava/lang/Object;)V @ 1
Event: 5.341 Thread 0x00007f868014d000 Uncommon trap: reason=unstable_if action=reinterpret pc=0x00007f86711faf74 method=java.lang.ref.ReferenceQueue.reallyPoll()Ljava/lang/ref/Reference; @ 15
Event: 5.358 Thread 0x00007f868000c000 Uncommon trap: reason=unstable_if action=reinterpret pc=0x00007f8671208220 method=java.lang.String.replace(CC)Ljava/lang/String; @ 26
Event: 5.425 Thread 0x00007f868000c000 Uncommon trap: reason=null_check action=make_not_entrant pc=0x00007f86711c4ec4 method=java.lang.String.equals(Ljava/lang/Object;)Z @ 8

Internal exceptions (10 events):
Event: 4.864 Thread 0x00007f868000c000 Exception <a 'java/security/PrivilegedActionException'> (0x00000000eccb6d98) thrown at [/build/openjdk-8-bnv6fG/openjdk-8-8u151-b12/src/hotspot/src/share/vm/prims/jvm.cpp, line 1390]
Event: 4.864 Thread 0x00007f868000c000 Exception <a 'java/security/PrivilegedActionException'> (0x00000000eccb9020) thrown at [/build/openjdk-8-bnv6fG/openjdk-8-8u151-b12/src/hotspot/src/share/vm/prims/jvm.cpp, line 1390]
Event: 4.865 Thread 0x00007f868000c000 Exception <a 'java/security/PrivilegedActionException'> (0x00000000eccb9418) thrown at [/build/openjdk-8-bnv6fG/openjdk-8-8u151-b12/src/hotspot/src/share/vm/prims/jvm.cpp, line 1390]
Event: 4.865 Thread 0x00007f868000c000 Exception <a 'java/security/PrivilegedActionException'> (0x00000000eccba0d8) thrown at [/build/openjdk-8-bnv6fG/openjdk-8-8u151-b12/src/hotspot/src/share/vm/prims/jvm.cpp, line 1390]
Event: 4.865 Thread 0x00007f868000c000 Exception <a 'java/security/PrivilegedActionException'> (0x00000000eccba4d0) thrown at [/build/openjdk-8-bnv6fG/openjdk-8-8u151-b12/src/hotspot/src/share/vm/prims/jvm.cpp, line 1390]
Event: 5.066 Thread 0x00007f868000c000 Exception <a 'java/lang/NoSuchFieldError': method resolution failed> (0x00000000ecdeed90) thrown at [/build/openjdk-8-bnv6fG/openjdk-8-8u151-b12/src/hotspot/src/share/vm/prims/methodHandles.cpp, line 1146]
Event: 5.069 Thread 0x00007f868000c000 Exception <a 'java/lang/NoSuchFieldError': method resolution failed> (0x00000000ecdfd158) thrown at [/build/openjdk-8-bnv6fG/openjdk-8-8u151-b12/src/hotspot/src/share/vm/prims/methodHandles.cpp, line 1146]
Event: 5.106 Thread 0x00007f868000c000 Exception <a 'java/io/FileNotFoundException'> (0x00000000ecea12c0) thrown at [/build/openjdk-8-bnv6fG/openjdk-8-8u151-b12/src/hotspot/src/share/vm/prims/jni.cpp, line 709]
Event: 5.240 Thread 0x00007f868000c000 Exception <a 'java/lang/ClassNotFoundException': sun/dc/DuctusRenderingEngine> (0x00000000ecf62008) thrown at [/build/openjdk-8-bnv6fG/openjdk-8-8u151-b12/src/hotspot/src/share/vm/classfile/systemDictionary.cpp, line 210]
Event: 5.425 Thread 0x00007f868000c000 Implicit null exception at 0x00007f86711c4ce2 to 0x00007f86711c4eb5

Events (10 events):
Event: 8.472 Executing VM operation: RevokeBias done
Event: 10.162 Executing VM operation: RevokeBias
Event: 10.168 Executing VM operation: RevokeBias done
Event: 10.168 Executing VM operation: RevokeBias
Event: 10.169 Executing VM operation: RevokeBias done
Event: 10.169 Executing VM operation: RevokeBias
Event: 10.169 Executing VM operation: RevokeBias done
Event: 10.169 Executing VM operation: RevokeBias
Event: 10.169 Executing VM operation: RevokeBias done
Event: 10.208 Executing VM operation: RevokeBias


Dynamic libraries:
c4200000-d9e00000 rw-p 00000000 00:00 0 
dcc00000-ec100000 ---p 00000000 00:00 0 
ec100000-ed500000 rw-p 00000000 00:00 0 
ed500000-100000000 ---p 00000000 00:00 0 
100000000-100160000 rw-p 00000000 00:00 0 
100160000-140000000 ---p 00000000 00:00 0 
5637d59e7000-5637d59e8000 r-xp 00000000 08:01 527864                     /usr/lib/jvm/java-8-openjdk-amd64/jre/bin/java
5637d5be7000-5637d5be8000 r--p 00000000 08:01 527864                     /usr/lib/jvm/java-8-openjdk-amd64/jre/bin/java
5637d5be8000-5637d5be9000 rw-p 00001000 08:01 527864                     /usr/lib/jvm/java-8-openjdk-amd64/jre/bin/java
5637d7838000-5637e1fa8000 rw-p 00000000 00:00 0                          [heap]
7f85c4000000-7f85c4021000 rw-p 00000000 00:00 0 
7f85c4021000-7f85c8000000 ---p 00000000 00:00 0 
7f85c8000000-7f85c81a7000 rw-p 00000000 00:00 0 
7f85c81a7000-7f85cc000000 ---p 00000000 00:00 0 
7f85cc000000-7f85cc021000 rw-p 00000000 00:00 0 
7f85cc021000-7f85d0000000 ---p 00000000 00:00 0 
7f85d0000000-7f85d0021000 rw-p 00000000 00:00 0 
7f85d0021000-7f85d4000000 ---p 00000000 00:00 0 
7f85d4000000-7f85d4021000 rw-p 00000000 00:00 0 
7f85d4021000-7f85d8000000 ---p 00000000 00:00 0 
7f85d8000000-7f85d8021000 rw-p 00000000 00:00 0 
7f85d8021000-7f85dc000000 ---p 00000000 00:00 0 
7f85dc000000-7f85dedba000 rw-p 00000000 00:00 0 
7f85dedba000-7f85e0000000 ---p 00000000 00:00 0 
7f85e15af000-7f85e526f000 rw-s 00000000 00:05 99418118                   /SYSV00000000 (deleted)
7f85e526f000-7f85e8000000 rw-p 00000000 00:00 0 
7f85e8000000-7f85ebf9c000 rw-p 00000000 00:00 0 
7f85ebf9c000-7f85ec000000 ---p 00000000 00:00 0 
7f85ef74d000-7f85f24de000 rw-p 00000000 00:00 0 
7f85f526f000-7f85f8000000 rw-p 00000000 00:00 0 
7f85f8000000-7f85fc000000 rw-p 00000000 00:00 0 
7f85fdddc000-7f85fdded000 r-xp 00000000 08:01 528126                     /usr/lib/jvm/java-8-openjdk-amd64/jre/lib/amd64/libnio.so
7f85fdded000-7f85fdfed000 ---p 00011000 08:01 528126                     /usr/lib/jvm/java-8-openjdk-amd64/jre/lib/amd64/libnio.so
7f85fdfed000-7f85fdfee000 r--p 00011000 08:01 528126                     /usr/lib/jvm/java-8-openjdk-amd64/jre/lib/amd64/libnio.so
7f85fdfee000-7f85fdfef000 rw-p 00012000 08:01 528126                     /usr/lib/jvm/java-8-openjdk-amd64/jre/lib/amd64/libnio.so
7f85fdfef000-7f85fdff2000 ---p 00000000 00:00 0 
7f85fdff2000-7f85fe0f0000 rwxp 00000000 00:00 0 
7f85fe0f0000-7f85fe0f3000 ---p 00000000 00:00 0 
7f85fe0f3000-7f85fe1f1000 rwxp 00000000 00:00 0 
7f85fe1f1000-7f85fe3f1000 rw-p 00000000 00:00 0 
7f85fe3f1000-7f85fe3f4000 ---p 00000000 00:00 0 
7f85fe3f4000-7f85febf2000 rwxp 00000000 00:00 0 
7f85febf2000-7f85fec17000 r-xp 00000000 08:01 1053252                    /lib/x86_64-linux-gnu/libselinux.so.1
7f85fec17000-7f85fee16000 ---p 00025000 08:01 1053252                    /lib/x86_64-linux-gnu/libselinux.so.1
7f85fee16000-7f85fee17000 r--p 00024000 08:01 1053252                    /lib/x86_64-linux-gnu/libselinux.so.1
7f85fee17000-7f85fee18000 rw-p 00025000 08:01 1053252                    /lib/x86_64-linux-gnu/libselinux.so.1
7f85fee18000-7f85fee1a000 rw-p 00000000 00:00 0 
7f85fee1a000-7f85fee31000 r-xp 00000000 08:01 7347571                    /usr/lib/x86_64-linux-gnu/liblz4.so.1.7.1
7f85fee31000-7f85ff030000 ---p 00017000 08:01 7347571                    /usr/lib/x86_64-linux-gnu/liblz4.so.1.7.1
7f85ff030000-7f85ff031000 r--p 00016000 08:01 7347571                    /usr/lib/x86_64-linux-gnu/liblz4.so.1.7.1
7f85ff031000-7f85ff032000 rw-p 00017000 08:01 7347571                    /usr/lib/x86_64-linux-gnu/liblz4.so.1.7.1
7f85ff032000-7f85ff0b3000 r-xp 00000000 08:01 1053262                    /lib/x86_64-linux-gnu/libsystemd.so.0.19.0
7f85ff0b3000-7f85ff2b2000 ---p 00081000 08:01 1053262                    /lib/x86_64-linux-gnu/libsystemd.so.0.19.0
7f85ff2b2000-7f85ff2b5000 r--p 00080000 08:01 1053262                    /lib/x86_64-linux-gnu/libsystemd.so.0.19.0
7f85ff2b5000-7f85ff2b6000 rw-p 00083000 08:01 1053262                    /lib/x86_64-linux-gnu/libsystemd.so.0.19.0
7f85ff2b6000-7f85ff2b7000 rw-p 00000000 00:00 0 
7f85ff2b7000-7f85ff327000 r-xp 00000000 08:01 1053227                    /lib/x86_64-linux-gnu/libpcre.so.3.13.3
7f85ff327000-7f85ff527000 ---p 00070000 08:01 1053227                    /lib/x86_64-linux-gnu/libpcre.so.3.13.3
7f85ff527000-7f85ff528000 r--p 00070000 08:01 1053227                    /lib/x86_64-linux-gnu/libpcre.so.3.13.3
7f85ff528000-7f85ff529000 rw-p 00071000 08:01 1053227                    /lib/x86_64-linux-gnu/libpcre.so.3.13.3
7f85ff529000-7f85ff573000 r-xp 00000000 08:01 1053130                    /lib/x86_64-linux-gnu/libdbus-1.so.3.14.13
7f85ff573000-7f85ff773000 ---p 0004a000 08:01 1053130                    /lib/x86_64-linux-gnu/libdbus-1.so.3.14.13
7f85ff773000-7f85ff774000 r--p 0004a000 08:01 1053130                    /lib/x86_64-linux-gnu/libdbus-1.so.3.14.13
7f85ff774000-7f85ff775000 rw-p 0004b000 08:01 1053130                    /lib/x86_64-linux-gnu/libdbus-1.so.3.14.13
7f85ff775000-7f85ff7a1000 r-xp 00000000 08:01 7346969                    /usr/lib/x86_64-linux-gnu/libatspi.so.0.0.1
7f85ff7a1000-7f85ff9a1000 ---p 0002c000 08:01 7346969                    /usr/lib/x86_64-linux-gnu/libatspi.so.0.0.1
7f85ff9a1000-7f85ff9a4000 r--p 0002c000 08:01 7346969                    /usr/lib/x86_64-linux-gnu/libatspi.so.0.0.1
7f85ff9a4000-7f85ff9a5000 rw-p 0002f000 08:01 7346969                    /usr/lib/x86_64-linux-gnu/libatspi.so.0.0.1
7f85ff9a5000-7f85ffab6000 r-xp 00000000 08:01 1053150                    /lib/x86_64-linux-gnu/libglib-2.0.so.0.5400.1
7f85ffab6000-7f85ffcb6000 ---p 00111000 08:01 1053150                    /lib/x86_64-linux-gnu/libglib-2.0.so.0.5400.1
7f85ffcb6000-7f85ffcb7000 r--p 00111000 08:01 1053150                    /lib/x86_64-linux-gnu/libglib-2.0.so.0.5400.1
7f85ffcb7000-7f85ffcb8000 rw-p 00112000 08:01 1053150                    /lib/x86_64-linux-gnu/libglib-2.0.so.0.5400.1
7f85ffcb8000-7f85ffcb9000 rw-p 00000000 00:00 0 
7f85ffcb9000-7f85ffd0b000 r-xp 00000000 08:01 7347323                    /usr/lib/x86_64-linux-gnu/libgobject-2.0.so.0.5400.1
7f85ffd0b000-7f85fff0b000 ---p 00052000 08:01 7347323                    /usr/lib/x86_64-linux-gnu/libgobject-2.0.so.0.5400.1
7f85fff0b000-7f85fff0c000 r--p 00052000 08:01 7347323                    /usr/lib/x86_64-linux-gnu/libgobject-2.0.so.0.5400.1
7f85fff0c000-7f85fff0d000 rw-p 00053000 08:01 7347323                    /usr/lib/x86_64-linux-gnu/libgobject-2.0.so.0.5400.1
7f85fff0d000-7f85fff3a000 r-xp 00000000 08:01 7346965                    /usr/lib/x86_64-linux-gnu/libatk-bridge-2.0.so.0.0.0
7f85fff3a000-7f8600139000 ---p 0002d000 08:01 7346965                    /usr/lib/x86_64-linux-gnu/libatk-bridge-2.0.so.0.0.0
7f8600139000-7f860013a000 r--p 0002c000 08:01 7346965                    /usr/lib/x86_64-linux-gnu/libatk-bridge-2.0.so.0.0.0
7f860013a000-7f860013c000 rw-p 0002d000 08:01 7346965                    /usr/lib/x86_64-linux-gnu/libatk-bridge-2.0.so.0.0.0
7f860013c000-7f860015f000 r-xp 00000000 08:01 7346963                    /usr/lib/x86_64-linux-gnu/libatk-1.0.so.0.22609.1
7f860015f000-7f860035e000 ---p 00023000 08:01 7346963                    /usr/lib/x86_64-linux-gnu/libatk-1.0.so.0.22609.1
7f860035e000-7f8600361000 r--p 00022000 08:01 7346963                    /usr/lib/x86_64-linux-gnu/libatk-1.0.so.0.22609.1
7f8600361000-7f8600362000 rw-p 00025000 08:01 7346963                    /usr/lib/x86_64-linux-gnu/libatk-1.0.so.0.22609.1
7f8600362000-7f8600378000 r-xp 00000000 08:01 682982                     /usr/lib/x86_64-linux-gnu/jni/libatk-wrapper.so.6.0.0
7f8600378000-7f8600577000 ---p 00016000 08:01 682982                     /usr/lib/x86_64-linux-gnu/jni/libatk-wrapper.so.6.0.0
7f8600577000-7f8600578000 r--p 00015000 08:01 682982                     /usr/lib/x86_64-linux-gnu/jni/libatk-wrapper.so.6.0.0
7f8600578000-7f8600579000 rw-p 00016000 08:01 682982                     /usr/lib/x86_64-linux-gnu/jni/libatk-wrapper.so.6.0.0
7f8600579000-7f860057c000 ---p 00000000 00:00 0 
7f860057c000-7f860067a000 rwxp 00000000 00:00 0 
7f860067a000-7f8608000000 rw-p 00000000 00:00 0 
7f8608000000-7f8609724000 rw-p 00000000 00:00 0 
7f8609724000-7f860c000000 ---p 00000000 00:00 0 
7f860c000000-7f860d71a000 rw-p 00000000 00:00 0 
7f860d71a000-7f8610000000 ---p 00000000 00:00 0 
7f8610000000-7f86126b5000 rw-p 00000000 00:00 0 
7f86126b5000-7f8614000000 ---p 00000000 00:00 0 
7f8614087000-7f8614090000 r-xp 00000000 08:01 7346886                    /usr/lib/x86_64-linux-gnu/libXcursor.so.1.0.2
7f8614090000-7f861428f000 ---p 00009000 08:01 7346886                    /usr/lib/x86_64-linux-gnu/libXcursor.so.1.0.2
7f861428f000-7f8614290000 r--p 00008000 08:01 7346886                    /usr/lib/x86_64-linux-gnu/libXcursor.so.1.0.2
7f8614290000-7f8614291000 rw-p 00009000 08:01 7346886                    /usr/lib/x86_64-linux-gnu/libXcursor.so.1.0.2
7f8614291000-7f86142e2000 r-xp 00000000 08:01 527997                     /usr/lib/jvm/java-8-openjdk-amd64/jre/lib/amd64/libfontmanager.so
7f86142e2000-7f86144e2000 ---p 00051000 08:01 527997                     /usr/lib/jvm/java-8-openjdk-amd64/jre/lib/amd64/libfontmanager.so
7f86144e2000-7f86144e4000 r--p 00051000 08:01 527997                     /usr/lib/jvm/java-8-openjdk-amd64/jre/lib/amd64/libfontmanager.so
7f86144e4000-7f86144e5000 rw-p 00053000 08:01 527997                     /usr/lib/jvm/java-8-openjdk-amd64/jre/lib/amd64/libfontmanager.so
7f86144e5000-7f86144f4000 r-xp 00000000 08:01 7346900                    /usr/lib/x86_64-linux-gnu/libXi.so.6.1.0
7f86144f4000-7f86146f3000 ---p 0000f000 08:01 7346900                    /usr/lib/x86_64-linux-gnu/libXi.so.6.1.0
7f86146f3000-7f86146f4000 r--p 0000e000 08:01 7346900                    /usr/lib/x86_64-linux-gnu/libXi.so.6.1.0
7f86146f4000-7f86146f5000 rw-p 0000f000 08:01 7346900                    /usr/lib/x86_64-linux-gnu/libXi.so.6.1.0
7f86146f5000-7f86146f6000 ---p 00000000 00:00 0 
7f86146f6000-7f8614ef6000 rwxp 00000000 00:00 0 
7f8614ef6000-7f8614ef7000 ---p 00000000 00:00 0 
7f8614ef7000-7f86156f7000 rwxp 00000000 00:00 0 
7f86156f7000-7f86156f8000 ---p 00000000 00:00 0 
7f86156f8000-7f8615ef8000 rwxp 00000000 00:00 0 
7f8615ef8000-7f861ba1a000 rw-p 00000000 00:00 0 
7f861ba1a000-7f861ba1b000 ---p 00000000 00:00 0 
7f861ba1b000-7f861c21b000 rwxp 00000000 00:00 0 
7f861c21b000-7f861c22e000 r-xp 00000000 08:01 1053110                    /lib/x86_64-linux-gnu/libbsd.so.0.8.6
7f861c22e000-7f861c42d000 ---p 00013000 08:01 1053110                    /lib/x86_64-linux-gnu/libbsd.so.0.8.6
7f861c42d000-7f861c42e000 r--p 00012000 08:01 1053110                    /lib/x86_64-linux-gnu/libbsd.so.0.8.6
7f861c42e000-7f861c42f000 rw-p 00013000 08:01 1053110                    /lib/x86_64-linux-gnu/libbsd.so.0.8.6
7f861c42f000-7f861c430000 rw-p 00000000 00:00 0 
7f861c430000-7f861dcac000 r-xp 00000000 08:01 7347458                    /usr/lib/x86_64-linux-gnu/libicudata.so.57.1
7f861dcac000-7f861deab000 ---p 0187c000 08:01 7347458                    /usr/lib/x86_64-linux-gnu/libicudata.so.57.1
7f861deab000-7f861deac000 r--p 0187b000 08:01 7347458                    /usr/lib/x86_64-linux-gnu/libicudata.so.57.1
7f861deac000-7f861dead000 rw-p 0187c000 08:01 7347458                    /usr/lib/x86_64-linux-gnu/libicudata.so.57.1
7f861dead000-7f861dec3000 r-xp 00000000 08:01 1053013                    /lib/x86_64-linux-gnu/libresolv-2.26.so
7f861dec3000-7f861e0c3000 ---p 00016000 08:01 1053013                    /lib/x86_64-linux-gnu/libresolv-2.26.so
7f861e0c3000-7f861e0c4000 r--p 00016000 08:01 1053013                    /lib/x86_64-linux-gnu/libresolv-2.26.so
7f861e0c4000-7f861e0c5000 rw-p 00017000 08:01 1053013                    /lib/x86_64-linux-gnu/libresolv-2.26.so
7f861e0c5000-7f861e0c7000 rw-p 00000000 00:00 0 
7f861e0c7000-7f861e0ca000 r-xp 00000000 08:01 1053163                    /lib/x86_64-linux-gnu/libkeyutils.so.1.5
7f861e0ca000-7f861e2c9000 ---p 00003000 08:01 1053163                    /lib/x86_64-linux-gnu/libkeyutils.so.1.5
7f861e2c9000-7f861e2ca000 r--p 00002000 08:01 1053163                    /lib/x86_64-linux-gnu/libkeyutils.so.1.5
7f861e2ca000-7f861e2cb000 rw-p 00003000 08:01 1053163                    /lib/x86_64-linux-gnu/libkeyutils.so.1.5
7f861e2cb000-7f861e2d0000 r-xp 00000000 08:01 7346890                    /usr/lib/x86_64-linux-gnu/libXdmcp.so.6.0.0
7f861e2d0000-7f861e4cf000 ---p 00005000 08:01 7346890                    /usr/lib/x86_64-linux-gnu/libXdmcp.so.6.0.0
7f861e4cf000-7f861e4d0000 r--p 00004000 08:01 7346890                    /usr/lib/x86_64-linux-gnu/libXdmcp.so.6.0.0
7f861e4d0000-7f861e4d1000 rw-p 00005000 08:01 7346890                    /usr/lib/x86_64-linux-gnu/libXdmcp.so.6.0.0
7f861e4d1000-7f861e4d3000 r-xp 00000000 08:01 7346879                    /usr/lib/x86_64-linux-gnu/libXau.so.6.0.0
7f861e4d3000-7f861e6d3000 ---p 00002000 08:01 7346879                    /usr/lib/x86_64-linux-gnu/libXau.so.6.0.0
7f861e6d3000-7f861e6d4000 r--p 00002000 08:01 7346879                    /usr/lib/x86_64-linux-gnu/libXau.so.6.0.0
7f861e6d4000-7f861e6d5000 rw-p 00003000 08:01 7346879                    /usr/lib/x86_64-linux-gnu/libXau.so.6.0.0
7f861e6d5000-7f861e6dc000 r-xp 00000000 08:01 7347191                    /usr/lib/x86_64-linux-gnu/libffi.so.6.0.4
7f861e6dc000-7f861e8db000 ---p 00007000 08:01 7347191                    /usr/lib/x86_64-linux-gnu/libffi.so.6.0.4
7f861e8db000-7f861e8dc000 r--p 00006000 08:01 7347191                    /usr/lib/x86_64-linux-gnu/libffi.so.6.0.4
7f861e8dc000-7f861e8dd000 rw-p 00007000 08:01 7347191                    /usr/lib/x86_64-linux-gnu/libffi.so.6.0.4
7f861e8dd000-7f861e905000 r-xp 00000000 08:01 1053139                    /lib/x86_64-linux-gnu/libexpat.so.1.6.5
7f861e905000-7f861eb05000 ---p 00028000 08:01 1053139                    /lib/x86_64-linux-gnu/libexpat.so.1.6.5
7f861eb05000-7f861eb07000 r--p 00028000 08:01 1053139                    /lib/x86_64-linux-gnu/libexpat.so.1.6.5
7f861eb07000-7f861eb08000 rw-p 0002a000 08:01 1053139                    /lib/x86_64-linux-gnu/libexpat.so.1.6.5
7f861eb08000-7f861ec98000 r-xp 00000000 08:01 7347472                    /usr/lib/x86_64-linux-gnu/libicuuc.so.57.1
7f861ec98000-7f861ee98000 ---p 00190000 08:01 7347472                    /usr/lib/x86_64-linux-gnu/libicuuc.so.57.1
7f861ee98000-7f861eeaa000 r--p 00190000 08:01 7347472                    /usr/lib/x86_64-linux-gnu/libicuuc.so.57.1
7f861eeaa000-7f861eeab000 rw-p 001a2000 08:01 7347472                    /usr/lib/x86_64-linux-gnu/libicuuc.so.57.1
7f861eeab000-7f861eead000 rw-p 00000000 00:00 0 
7f861eead000-7f861eeb7000 r-xp 00000000 08:01 7347542                    /usr/lib/x86_64-linux-gnu/libkrb5support.so.0.1
7f861eeb7000-7f861f0b6000 ---p 0000a000 08:01 7347542                    /usr/lib/x86_64-linux-gnu/libkrb5support.so.0.1
7f861f0b6000-7f861f0b7000 r--p 00009000 08:01 7347542                    /usr/lib/x86_64-linux-gnu/libkrb5support.so.0.1
7f861f0b7000-7f861f0b8000 rw-p 0000a000 08:01 7347542                    /usr/lib/x86_64-linux-gnu/libkrb5support.so.0.1
7f861f0b8000-7f861f0bb000 r-xp 00000000 08:01 1053123                    /lib/x86_64-linux-gnu/libcom_err.so.2.1
7f861f0bb000-7f861f2ba000 ---p 00003000 08:01 1053123                    /lib/x86_64-linux-gnu/libcom_err.so.2.1
7f861f2ba000-7f861f2bb000 r--p 00002000 08:01 1053123                    /lib/x86_64-linux-gnu/libcom_err.so.2.1
7f861f2bb000-7f861f2bc000 rw-p 00003000 08:01 1053123                    /lib/x86_64-linux-gnu/libcom_err.so.2.1
7f861f2bc000-7f861f2eb000 r-xp 00000000 08:01 7347532                    /usr/lib/x86_64-linux-gnu/libk5crypto.so.3.1
7f861f2eb000-7f861f4ea000 ---p 0002f000 08:01 7347532                    /usr/lib/x86_64-linux-gnu/libk5crypto.so.3.1
7f861f4ea000-7f861f4ec000 r--p 0002e000 08:01 7347532                    /usr/lib/x86_64-linux-gnu/libk5crypto.so.3.1
7f861f4ec000-7f861f4ed000 rw-p 00030000 08:01 7347532                    /usr/lib/x86_64-linux-gnu/libk5crypto.so.3.1
7f861f4ed000-7f861f4ee000 rw-p 00000000 00:00 0 
7f861f4ee000-7f861f5b2000 r-xp 00000000 08:01 7347540                    /usr/lib/x86_64-linux-gnu/libkrb5.so.3.3
7f861f5b2000-7f861f7b1000 ---p 000c4000 08:01 7347540                    /usr/lib/x86_64-linux-gnu/libkrb5.so.3.3
7f861f7b1000-7f861f7bf000 r--p 000c3000 08:01 7347540                    /usr/lib/x86_64-linux-gnu/libkrb5.so.3.3
7f861f7bf000-7f861f7c1000 rw-p 000d1000 08:01 7347540                    /usr/lib/x86_64-linux-gnu/libkrb5.so.3.3
7f861f7c1000-7f861f7d5000 r-xp 00000000 08:01 1053152                    /lib/x86_64-linux-gnu/libgpg-error.so.0.22.0
7f861f7d5000-7f861f9d4000 ---p 00014000 08:01 1053152                    /lib/x86_64-linux-gnu/libgpg-error.so.0.22.0
7f861f9d4000-7f861f9d5000 r--p 00013000 08:01 1053152                    /lib/x86_64-linux-gnu/libgpg-error.so.0.22.0
7f861f9d5000-7f861f9d6000 rw-p 00014000 08:01 1053152                    /lib/x86_64-linux-gnu/libgpg-error.so.0.22.0
7f861f9d6000-7f861f9df000 r-xp 00000000 08:01 7346912                    /usr/lib/x86_64-linux-gnu/libXrender.so.1.3.0
7f861f9df000-7f861fbde000 ---p 00009000 08:01 7346912                    /usr/lib/x86_64-linux-gnu/libXrender.so.1.3.0
7f861fbde000-7f861fbdf000 r--p 00008000 08:01 7346912                    /usr/lib/x86_64-linux-gnu/libXrender.so.1.3.0
7f861fbdf000-7f861fbe0000 rw-p 00009000 08:01 7346912                    /usr/lib/x86_64-linux-gnu/libXrender.so.1.3.0
7f861fbe0000-7f861fbec000 r-xp 00000000 08:01 7348051                    /usr/lib/x86_64-linux-gnu/libxcb-render.so.0.0.0
7f861fbec000-7f861fdeb000 ---p 0000c000 08:01 7348051                    /usr/lib/x86_64-linux-gnu/libxcb-render.so.0.0.0
7f861fdeb000-7f861fdec000 r--p 0000b000 08:01 7348051                    /usr/lib/x86_64-linux-gnu/libxcb-render.so.0.0.0
7f861fdec000-7f861fded000 rw-p 0000c000 08:01 7348051                    /usr/lib/x86_64-linux-gnu/libxcb-render.so.0.0.0
7f861fded000-7f861fdef000 r-xp 00000000 08:01 7348055                    /usr/lib/x86_64-linux-gnu/libxcb-shm.so.0.0.0
7f861fdef000-7f861ffee000 ---p 00002000 08:01 7348055                    /usr/lib/x86_64-linux-gnu/libxcb-shm.so.0.0.0
7f861ffee000-7f861ffef000 r--p 00001000 08:01 7348055                    /usr/lib/x86_64-linux-gnu/libxcb-shm.so.0.0.0
7f861ffef000-7f861fff0000 rw-p 00002000 08:01 7348055                    /usr/lib/x86_64-linux-gnu/libxcb-shm.so.0.0.0
7f861fff0000-7f862008e000 r-xp 00000000 08:01 7347723                    /usr/lib/x86_64-linux-gnu/libpixman-1.so.0.34.0
7f862008e000-7f862028d000 ---p 0009e000 08:01 7347723                    /usr/lib/x86_64-linux-gnu/libpixman-1.so.0.34.0
7f862028d000-7f8620295000 r--p 0009d000 08:01 7347723                    /usr/lib/x86_64-linux-gnu/libpixman-1.so.0.34.0
7f8620295000-7f8620296000 rw-p 000a5000 08:01 7347723                    /usr/lib/x86_64-linux-gnu/libpixman-1.so.0.34.0
7f8620296000-7f86202c4000 r-xp 00000000 08:01 7367448                    /usr/lib/x86_64-linux-gnu/libgomp.so.1.0.0
7f86202c4000-7f86204c3000 ---p 0002e000 08:01 7367448                    /usr/lib/x86_64-linux-gnu/libgomp.so.1.0.0
7f86204c3000-7f86204c4000 r--p 0002d000 08:01 7367448                    /usr/lib/x86_64-linux-gnu/libgomp.so.1.0.0
7f86204c4000-7f86204c5000 rw-p 0002e000 08:01 7367448                    /usr/lib/x86_64-linux-gnu/libgomp.so.1.0.0
7f86204c5000-7f86204d5000 r-xp 00000000 08:01 7347124                    /usr/lib/x86_64-linux-gnu/libdrm.so.2.4.0
7f86204d5000-7f86206d4000 ---p 00010000 08:01 7347124                    /usr/lib/x86_64-linux-gnu/libdrm.so.2.4.0
7f86206d4000-7f86206d5000 r--p 0000f000 08:01 7347124                    /usr/lib/x86_64-linux-gnu/libdrm.so.2.4.0
7f86206d5000-7f86206d6000 rw-p 00010000 08:01 7347124                    /usr/lib/x86_64-linux-gnu/libdrm.so.2.4.0
7f86206d6000-7f86206db000 r-xp 00000000 08:01 7346894                    /usr/lib/x86_64-linux-gnu/libXfixes.so.3.1.0
7f86206db000-7f86208da000 ---p 00005000 08:01 7346894                    /usr/lib/x86_64-linux-gnu/libXfixes.so.3.1.0
7f86208da000-7f86208db000 r--p 00004000 08:01 7346894                    /usr/lib/x86_64-linux-gnu/libXfixes.so.3.1.0
7f86208db000-7f86208dc000 rw-p 00005000 08:01 7346894                    /usr/lib/x86_64-linux-gnu/libXfixes.so.3.1.0
7f86208dc000-7f86208ed000 r-xp 00000000 08:01 7346892                    /usr/lib/x86_64-linux-gnu/libXext.so.6.4.0
7f86208ed000-7f8620aec000 ---p 00011000 08:01 7346892                    /usr/lib/x86_64-linux-gnu/libXext.so.6.4.0
7f8620aec000-7f8620aed000 r--p 00010000 08:01 7346892                    /usr/lib/x86_64-linux-gnu/libXext.so.6.4.0
7f8620aed000-7f8620aee000 rw-p 00011000 08:01 7346892                    /usr/lib/x86_64-linux-gnu/libXext.so.6.4.0
7f8620aee000-7f8620b14000 r-xp 00000000 08:01 7348067                    /usr/lib/x86_64-linux-gnu/libxcb.so.1.1.0
7f8620b14000-7f8620d13000 ---p 00026000 08:01 7348067                    /usr/lib/x86_64-linux-gnu/libxcb.so.1.1.0
7f8620d13000-7f8620d14000 r--p 00025000 08:01 7348067                    /usr/lib/x86_64-linux-gnu/libxcb.so.1.1.0
7f8620d14000-7f8620d15000 rw-p 00026000 08:01 7348067                    /usr/lib/x86_64-linux-gnu/libxcb.so.1.1.0
7f8620d15000-7f8620d93000 r-xp 00000000 08:01 7347315                    /usr/lib/x86_64-linux-gnu/libgmp.so.10.3.2
7f8620d93000-7f8620f93000 ---p 0007e000 08:01 7347315                    /usr/lib/x86_64-linux-gnu/libgmp.so.10.3.2
7f8620f93000-7f8620f94000 r--p 0007e000 08:01 7347315                    /usr/lib/x86_64-linux-gnu/libgmp.so.10.3.2
7f8620f94000-7f8620f95000 rw-p 0007f000 08:01 7347315                    /usr/lib/x86_64-linux-gnu/libgmp.so.10.3.2
7f8620f95000-7f8620fc7000 r-xp 00000000 08:01 7347432                    /usr/lib/x86_64-linux-gnu/libhogweed.so.4.3
7f8620fc7000-7f86211c6000 ---p 00032000 08:01 7347432                    /usr/lib/x86_64-linux-gnu/libhogweed.so.4.3
7f86211c6000-7f86211c7000 r--p 00031000 08:01 7347432                    /usr/lib/x86_64-linux-gnu/libhogweed.so.4.3
7f86211c7000-7f86211c8000 rw-p 00032000 08:01 7347432                    /usr/lib/x86_64-linux-gnu/libhogweed.so.4.3
7f86211c8000-7f86211fb000 r-xp 00000000 08:01 7347644                    /usr/lib/x86_64-linux-gnu/libnettle.so.6.3
7f86211fb000-7f86213fa000 ---p 00033000 08:01 7347644                    /usr/lib/x86_64-linux-gnu/libnettle.so.6.3
7f86213fa000-7f86213fc000 r--p 00032000 08:01 7347644                    /usr/lib/x86_64-linux-gnu/libnettle.so.6.3
7f86213fc000-7f86213fd000 rw-p 00034000 08:01 7347644                    /usr/lib/x86_64-linux-gnu/libnettle.so.6.3
7f86213fd000-7f862140e000 r-xp 00000000 08:01 7340130                    /usr/lib/x86_64-linux-gnu/libtasn1.so.6.5.4
7f862140e000-7f862160e000 ---p 00011000 08:01 7340130                    /usr/lib/x86_64-linux-gnu/libtasn1.so.6.5.4
7f862160e000-7f862160f000 r--p 00011000 08:01 7340130                    /usr/lib/x86_64-linux-gnu/libtasn1.so.6.5.4
7f862160f000-7f8621610000 rw-p 00012000 08:01 7340130                    /usr/lib/x86_64-linux-gnu/libtasn1.so.6.5.4
7f8621610000-7f8621642000 r-xp 00000000 08:01 1053156                    /lib/x86_64-linux-gnu/libidn.so.11.6.16
7f8621642000-7f8621841000 ---p 00032000 08:01 1053156                    /lib/x86_64-linux-gnu/libidn.so.11.6.16
7f8621841000-7f8621842000 r--p 00031000 08:01 1053156                    /lib/x86_64-linux-gnu/libidn.so.11.6.16
7f8621842000-7f8621843000 rw-p 00032000 08:01 1053156                    /lib/x86_64-linux-gnu/libidn.so.11.6.16
7f8621843000-7f862195e000 r-xp 00000000 08:01 7347689                    /usr/lib/x86_64-linux-gnu/libp11-kit.so.0.3.0
7f862195e000-7f8621b5e000 ---p 0011b000 08:01 7347689                    /usr/lib/x86_64-linux-gnu/libp11-kit.so.0.3.0
7f8621b5e000-7f8621b68000 r--p 0011b000 08:01 7347689                    /usr/lib/x86_64-linux-gnu/libp11-kit.so.0.3.0
7f8621b68000-7f8621b72000 rw-p 00125000 08:01 7347689                    /usr/lib/x86_64-linux-gnu/libp11-kit.so.0.3.0
7f8621b72000-7f8621b73000 rw-p 00000000 00:00 0 
7f8621b73000-7f8621c1f000 r-xp 00000000 08:01 7351457                    /usr/lib/x86_64-linux-gnu/libfreetype.so.6.14.0
7f8621c1f000-7f8621e1e000 ---p 000ac000 08:01 7351457                    /usr/lib/x86_64-linux-gnu/libfreetype.so.6.14.0
7f8621e1e000-7f8621e25000 r--p 000ab000 08:01 7351457                    /usr/lib/x86_64-linux-gnu/libfreetype.so.6.14.0
7f8621e25000-7f8621e26000 rw-p 000b2000 08:01 7351457                    /usr/lib/x86_64-linux-gnu/libfreetype.so.6.14.0
7f8621e26000-7f8621e63000 r-xp 00000000 08:01 7347241                    /usr/lib/x86_64-linux-gnu/libfontconfig.so.1.9.0
7f8621e63000-7f8622062000 ---p 0003d000 08:01 7347241                    /usr/lib/x86_64-linux-gnu/libfontconfig.so.1.9.0
7f8622062000-7f8622064000 r--p 0003c000 08:01 7347241                    /usr/lib/x86_64-linux-gnu/libfontconfig.so.1.9.0
7f8622064000-7f8622069000 rw-p 0003e000 08:01 7347241                    /usr/lib/x86_64-linux-gnu/libfontconfig.so.1.9.0
7f8622069000-7f862221f000 r-xp 00000000 08:01 7348089                    /usr/lib/x86_64-linux-gnu/libxml2.so.2.9.4
7f862221f000-7f862241f000 ---p 001b6000 08:01 7348089                    /usr/lib/x86_64-linux-gnu/libxml2.so.2.9.4
7f862241f000-7f8622427000 r--p 001b6000 08:01 7348089                    /usr/lib/x86_64-linux-gnu/libxml2.so.2.9.4
7f8622427000-7f8622429000 rw-p 001be000 08:01 7348089                    /usr/lib/x86_64-linux-gnu/libxml2.so.2.9.4
7f8622429000-7f862242a000 rw-p 00000000 00:00 0 
7f862242a000-7f8622431000 r-xp 00000000 08:01 7370846                    /usr/lib/x86_64-linux-gnu/libvorbisfile.so.3.3.7
7f8622431000-7f8622630000 ---p 00007000 08:01 7370846                    /usr/lib/x86_64-linux-gnu/libvorbisfile.so.3.3.7
7f8622630000-7f8622631000 r--p 00006000 08:01 7370846                    /usr/lib/x86_64-linux-gnu/libvorbisfile.so.3.3.7
7f8622631000-7f8622632000 rw-p 00007000 08:01 7370846                    /usr/lib/x86_64-linux-gnu/libvorbisfile.so.3.3.7
7f8622632000-7f862267f000 r-xp 00000000 08:01 7347608                    /usr/lib/x86_64-linux-gnu/libmpg123.so.0.44.5
7f862267f000-7f862287f000 ---p 0004d000 08:01 7347608                    /usr/lib/x86_64-linux-gnu/libmpg123.so.0.44.5
7f862287f000-7f8622880000 r--p 0004d000 08:01 7347608                    /usr/lib/x86_64-linux-gnu/libmpg123.so.0.44.5
7f8622880000-7f8622881000 rw-p 0004e000 08:01 7347608                    /usr/lib/x86_64-linux-gnu/libmpg123.so.0.44.5
7f8622881000-7f8622891000 rw-p 00000000 00:00 0 
7f8622891000-7f86228d8000 r-xp 00000000 08:01 7347350                    /usr/lib/x86_64-linux-gnu/libgssapi_krb5.so.2.2
7f86228d8000-7f8622ad8000 ---p 00047000 08:01 7347350                    /usr/lib/x86_64-linux-gnu/libgssapi_krb5.so.2.2
7f8622ad8000-7f8622ad9000 r--p 00047000 08:01 7347350                    /usr/lib/x86_64-linux-gnu/libgssapi_krb5.so.2.2
7f8622ad9000-7f8622adb000 rw-p 00048000 08:01 7347350                    /usr/lib/x86_64-linux-gnu/libgssapi_krb5.so.2.2
7f8622adb000-7f8622be1000 r-xp 00000000 08:01 1053148                    /lib/x86_64-linux-gnu/libgcrypt.so.20.1.8
7f8622be1000-7f8622de0000 ---p 00106000 08:01 1053148                    /lib/x86_64-linux-gnu/libgcrypt.so.20.1.8
7f8622de0000-7f8622de2000 r--p 00105000 08:01 1053148                    /lib/x86_64-linux-gnu/libgcrypt.so.20.1.8
7f8622de2000-7f8622de8000 rw-p 00107000 08:01 1053148                    /lib/x86_64-linux-gnu/libgcrypt.so.20.1.8
7f8622de8000-7f8622de9000 rw-p 00000000 00:00 0 
7f8622de9000-7f8622ef4000 r-xp 00000000 08:01 7347018                    /usr/lib/x86_64-linux-gnu/libcairo.so.2.11400.10
7f8622ef4000-7f86230f4000 ---p 0010b000 08:01 7347018                    /usr/lib/x86_64-linux-gnu/libcairo.so.2.11400.10
7f86230f4000-7f86230f7000 r--p 0010b000 08:01 7347018                    /usr/lib/x86_64-linux-gnu/libcairo.so.2.11400.10
7f86230f7000-7f86230f8000 rw-p 0010e000 08:01 7347018                    /usr/lib/x86_64-linux-gnu/libcairo.so.2.11400.10
7f86230f8000-7f86230fa000 rw-p 00000000 00:00 0 
7f86230fa000-7f8623101000 r-xp 00000000 08:01 7347669                    /usr/lib/x86_64-linux-gnu/libogg.so.0.8.2
7f8623101000-7f8623301000 ---p 00007000 08:01 7347669                    /usr/lib/x86_64-linux-gnu/libogg.so.0.8.2
7f8623301000-7f8623302000 r--p 00007000 08:01 7347669                    /usr/lib/x86_64-linux-gnu/libogg.so.0.8.2
7f8623302000-7f8623303000 rw-p 00008000 08:01 7347669                    /usr/lib/x86_64-linux-gnu/libogg.so.0.8.2
7f8623303000-7f862330d000 r-xp 00000000 08:01 7347661                    /usr/lib/x86_64-linux-gnu/libnuma.so.1.0.0
7f862330d000-7f862350c000 ---p 0000a000 08:01 7347661                    /usr/lib/x86_64-linux-gnu/libnuma.so.1.0.0
7f862350c000-7f862350d000 r--p 00009000 08:01 7347661                    /usr/lib/x86_64-linux-gnu/libnuma.so.1.0.0
7f862350d000-7f862350e000 rw-p 0000a000 08:01 7347661                    /usr/lib/x86_64-linux-gnu/libnuma.so.1.0.0
7f862350e000-7f8623539000 r-xp 00000000 08:01 7347869                    /usr/lib/x86_64-linux-gnu/libsoxr.so.0.1.1
7f8623539000-7f8623738000 ---p 0002b000 08:01 7347869                    /usr/lib/x86_64-linux-gnu/libsoxr.so.0.1.1
7f8623738000-7f862373a000 r--p 0002a000 08:01 7347869                    /usr/lib/x86_64-linux-gnu/libsoxr.so.0.1.1
7f862373a000-7f862373b000 rw-p 0002c000 08:01 7347869                    /usr/lib/x86_64-linux-gnu/libsoxr.so.0.1.1
7f862373b000-7f8623770000 rw-p 00000000 00:00 0 
7f8623770000-7f862378c000 r-xp 00000000 08:01 1053268                    /lib/x86_64-linux-gnu/libudev.so.1.6.6
7f862378c000-7f862398b000 ---p 0001c000 08:01 1053268                    /lib/x86_64-linux-gnu/libudev.so.1.6.6
7f862398b000-7f862398c000 r--p 0001b000 08:01 1053268                    /lib/x86_64-linux-gnu/libudev.so.1.6.6
7f862398c000-7f862398d000 rw-p 0001c000 08:01 1053268                    /lib/x86_64-linux-gnu/libudev.so.1.6.6
7f862398d000-7f862398f000 r-xp 00000000 08:01 7347964                    /usr/lib/x86_64-linux-gnu/libva-drm.so.1.4000.0
7f862398f000-7f8623b8e000 ---p 00002000 08:01 7347964                    /usr/lib/x86_64-linux-gnu/libva-drm.so.1.4000.0
7f8623b8e000-7f8623b8f000 r--p 00001000 08:01 7347964                    /usr/lib/x86_64-linux-gnu/libva-drm.so.1.4000.0
7f8623b8f000-7f8623b90000 rw-p 00002000 08:01 7347964                    /usr/lib/x86_64-linux-gnu/libva-drm.so.1.4000.0
7f8623b90000-7f8623b95000 r-xp 00000000 08:01 7347968                    /usr/lib/x86_64-linux-gnu/libva-x11.so.1.4000.0
7f8623b95000-7f8623d94000 ---p 00005000 08:01 7347968                    /usr/lib/x86_64-linux-gnu/libva-x11.so.1.4000.0
7f8623d94000-7f8623d95000 r--p 00004000 08:01 7347968                    /usr/lib/x86_64-linux-gnu/libva-x11.so.1.4000.0
7f8623d95000-7f8623d96000 rw-p 00005000 08:01 7347968                    /usr/lib/x86_64-linux-gnu/libva-x11.so.1.4000.0
7f8623d96000-7f8623d99000 r-xp 00000000 08:01 7347972                    /usr/lib/x86_64-linux-gnu/libvdpau.so.1.0.0
7f8623d99000-7f8623f98000 ---p 00003000 08:01 7347972                    /usr/lib/x86_64-linux-gnu/libvdpau.so.1.0.0
7f8623f98000-7f8623f99000 r--p 00002000 08:01 7347972                    /usr/lib/x86_64-linux-gnu/libvdpau.so.1.0.0
7f8623f99000-7f8623f9a000 rw-p 00003000 08:01 7347972                    /usr/lib/x86_64-linux-gnu/libvdpau.so.1.0.0
7f8623f9a000-7f86240ce000 r-xp 00000000 08:01 7346875                    /usr/lib/x86_64-linux-gnu/libX11.so.6.3.0
7f86240ce000-7f86242ce000 ---p 00134000 08:01 7346875                    /usr/lib/x86_64-linux-gnu/libX11.so.6.3.0
7f86242ce000-7f86242cf000 r--p 00134000 08:01 7346875                    /usr/lib/x86_64-linux-gnu/libX11.so.6.3.0
7f86242cf000-7f86242d3000 rw-p 00135000 08:01 7346875                    /usr/lib/x86_64-linux-gnu/libX11.so.6.3.0
7f86242d3000-7f86242e2000 r-xp 00000000 08:01 1053113                    /lib/x86_64-linux-gnu/libbz2.so.1.0.4
7f86242e2000-7f86244e1000 ---p 0000f000 08:01 1053113                    /lib/x86_64-linux-gnu/libbz2.so.1.0.4
7f86244e1000-7f86244e2000 r--p 0000e000 08:01 1053113                    /lib/x86_64-linux-gnu/libbz2.so.1.0.4
7f86244e2000-7f86244e3000 rw-p 0000f000 08:01 1053113                    /lib/x86_64-linux-gnu/libbz2.so.1.0.4
7f86244e3000-7f86244f5000 r-xp 00000000 08:01 7347047                    /usr/lib/x86_64-linux-gnu/libchromaprint.so.1.4.2
7f86244f5000-7f86246f5000 ---p 00012000 08:01 7347047                    /usr/lib/x86_64-linux-gnu/libchromaprint.so.1.4.2
7f86246f5000-7f86246f6000 r--p 00012000 08:01 7347047                    /usr/lib/x86_64-linux-gnu/libchromaprint.so.1.4.2
7f86246f6000-7f86246f7000 rw-p 00013000 08:01 7347047                    /usr/lib/x86_64-linux-gnu/libchromaprint.so.1.4.2
7f86246f7000-7f862487b000 r-xp 00000000 08:01 7347319                    /usr/lib/x86_64-linux-gnu/libgnutls.so.30.13.1
7f862487b000-7f8624a7b000 ---p 00184000 08:01 7347319                    /usr/lib/x86_64-linux-gnu/libgnutls.so.30.13.1
7f8624a7b000-7f8624a87000 r--p 00184000 08:01 7347319                    /usr/lib/x86_64-linux-gnu/libgnutls.so.30.13.1
7f8624a87000-7f8624a88000 rw-p 00190000 08:01 7347319                    /usr/lib/x86_64-linux-gnu/libgnutls.so.30.13.1
7f8624a88000-7f8624a89000 rw-p 00000000 00:00 0 
7f8624a89000-7f8624ad4000 r-xp 00000000 08:01 7347003                    /usr/lib/x86_64-linux-gnu/libbluray.so.2.0.1
7f8624ad4000-7f8624cd3000 ---p 0004b000 08:01 7347003                    /usr/lib/x86_64-linux-gnu/libbluray.so.2.0.1
7f8624cd3000-7f8624cd5000 r--p 0004a000 08:01 7347003                    /usr/lib/x86_64-linux-gnu/libbluray.so.2.0.1
7f8624cd5000-7f8624cd6000 rw-p 0004c000 08:01 7347003                    /usr/lib/x86_64-linux-gnu/libbluray.so.2.0.1
7f8624cd6000-7f8624d20000 r-xp 00000000 08:01 7347311                    /usr/lib/x86_64-linux-gnu/libgme.so.0.6.1
7f8624d20000-7f8624f1f000 ---p 0004a000 08:01 7347311                    /usr/lib/x86_64-linux-gnu/libgme.so.0.6.1
7f8624f1f000-7f8624f22000 r--p 00049000 08:01 7347311                    /usr/lib/x86_64-linux-gnu/libgme.so.0.6.1
7f8624f22000-7f8624f23000 rw-p 0004c000 08:01 7347311                    /usr/lib/x86_64-linux-gnu/libgme.so.0.6.1
7f8624f23000-7f8625058000 r-xp 00000000 08:01 7347679                    /usr/lib/x86_64-linux-gnu/libopenmpt.so.0.0.27
7f8625058000-7f8625258000 ---p 00135000 08:01 7347679                    /usr/lib/x86_64-linux-gnu/libopenmpt.so.0.0.27
7f8625258000-7f862525c000 r--p 00135000 08:01 7347679                    /usr/lib/x86_64-linux-gnu/libopenmpt.so.0.0.27
7f862525c000-7f862525d000 rw-p 00139000 08:01 7347679                    /usr/lib/x86_64-linux-gnu/libopenmpt.so.0.0.27
7f862525d000-7f86252af000 rw-p 00000000 00:00 0 
7f86252af000-7f862531b000 r-xp 00000000 08:01 7347879                    /usr/lib/x86_64-linux-gnu/libssh-gcrypt.so.4.4.2
7f862531b000-7f862551b000 ---p 0006c000 08:01 7347879                    /usr/lib/x86_64-linux-gnu/libssh-gcrypt.so.4.4.2
7f862551b000-7f862551c000 r--p 0006c000 08:01 7347879                    /usr/lib/x86_64-linux-gnu/libssh-gcrypt.so.4.4.2
7f862551c000-7f862551d000 rw-p 0006d000 08:01 7347879                    /usr/lib/x86_64-linux-gnu/libssh-gcrypt.so.4.4.2
7f862551d000-7f8625537000 r-xp 00000000 08:01 7347068                    /usr/lib/x86_64-linux-gnu/libcrystalhd.so.3.6
7f8625537000-7f8625736000 ---p 0001a000 08:01 7347068                    /usr/lib/x86_64-linux-gnu/libcrystalhd.so.3.6
7f8625736000-7f8625737000 r--p 00019000 08:01 7347068                    /usr/lib/x86_64-linux-gnu/libcrystalhd.so.3.6
7f8625737000-7f8625738000 rw-p 0001a000 08:01 7347068                    /usr/lib/x86_64-linux-gnu/libcrystalhd.so.3.6
7f8625738000-7f8625745000 r-xp 00000000 08:01 7347346                    /usr/lib/x86_64-linux-gnu/libgsm.so.1.0.12
7f8625745000-7f8625944000 ---p 0000d000 08:01 7347346                    /usr/lib/x86_64-linux-gnu/libgsm.so.1.0.12
7f8625944000-7f8625945000 r--p 0000c000 08:01 7347346                    /usr/lib/x86_64-linux-gnu/libgsm.so.1.0.12
7f8625945000-7f8625946000 rw-p 0000d000 08:01 7347346                    /usr/lib/x86_64-linux-gnu/libgsm.so.1.0.12
7f8625946000-7f862598b000 r-xp 00000000 08:01 7347600                    /usr/lib/x86_64-linux-gnu/libmp3lame.so.0.0.0
7f862598b000-7f8625b8b000 ---p 00045000 08:01 7347600                    /usr/lib/x86_64-linux-gnu/libmp3lame.so.0.0.0
7f8625b8b000-7f8625b8c000 r--p 00045000 08:01 7347600                    /usr/lib/x86_64-linux-gnu/libmp3lame.so.0.0.0
7f8625b8c000-7f8625b8d000 rw-p 00046000 08:01 7347600                    /usr/lib/x86_64-linux-gnu/libmp3lame.so.0.0.0
7f8625b8d000-7f8625bbb000 rw-p 00000000 00:00 0 
7f8625bbb000-7f8625c0a000 r-xp 00000000 08:01 7347676                    /usr/lib/x86_64-linux-gnu/libopenjp2.so.2.2.0
7f8625c0a000-7f8625e09000 ---p 0004f000 08:01 7347676                    /usr/lib/x86_64-linux-gnu/libopenjp2.so.2.2.0
7f8625e09000-7f8625e0a000 r--p 0004e000 08:01 7347676                    /usr/lib/x86_64-linux-gnu/libopenjp2.so.2.2.0
7f8625e0a000-7f8625e0b000 rw-p 0004f000 08:01 7347676                    /usr/lib/x86_64-linux-gnu/libopenjp2.so.2.2.0
7f8625e0b000-7f8625e54000 r-xp 00000000 08:01 7347681                    /usr/lib/x86_64-linux-gnu/libopus.so.0.5.2
7f8625e54000-7f8626053000 ---p 00049000 08:01 7347681                    /usr/lib/x86_64-linux-gnu/libopus.so.0.5.2
7f8626053000-7f8626054000 r--p 00048000 08:01 7347681                    /usr/lib/x86_64-linux-gnu/libopus.so.0.5.2
7f8626054000-7f8626055000 rw-p 00049000 08:01 7347681                    /usr/lib/x86_64-linux-gnu/libopus.so.0.5.2
7f8626055000-7f862605f000 r-xp 00000000 08:01 7347843                    /usr/lib/x86_64-linux-gnu/libshine.so.3.0.1
7f862605f000-7f862625e000 ---p 0000a000 08:01 7347843                    /usr/lib/x86_64-linux-gnu/libshine.so.3.0.1
7f862625e000-7f862625f000 r--p 00009000 08:01 7347843                    /usr/lib/x86_64-linux-gnu/libshine.so.3.0.1
7f862625f000-7f8626260000 rw-p 0000a000 08:01 7347843                    /usr/lib/x86_64-linux-gnu/libshine.so.3.0.1
7f8626260000-7f8626267000 r-xp 00000000 08:01 7347856                    /usr/lib/x86_64-linux-gnu/libsnappy.so.1.1.6
7f8626267000-7f8626466000 ---p 00007000 08:01 7347856                    /usr/lib/x86_64-linux-gnu/libsnappy.so.1.1.6
7f8626466000-7f8626467000 r--p 00006000 08:01 7347856                    /usr/lib/x86_64-linux-gnu/libsnappy.so.1.1.6
7f8626467000-7f8626468000 rw-p 00007000 08:01 7347856                    /usr/lib/x86_64-linux-gnu/libsnappy.so.1.1.6
7f8626468000-7f862647f000 r-xp 00000000 08:01 7347873                    /usr/lib/x86_64-linux-gnu/libspeex.so.1.5.0
7f862647f000-7f862667f000 ---p 00017000 08:01 7347873                    /usr/lib/x86_64-linux-gnu/libspeex.so.1.5.0
7f862667f000-7f8626680000 r--p 00017000 08:01 7347873                    /usr/lib/x86_64-linux-gnu/libspeex.so.1.5.0
7f8626680000-7f8626681000 rw-p 00018000 08:01 7347873                    /usr/lib/x86_64-linux-gnu/libspeex.so.1.5.0
7f8626681000-7f862669e000 r-xp 00000000 08:01 7347923                    /usr/lib/x86_64-linux-gnu/libtheoradec.so.1.1.4
7f862669e000-7f862689d000 ---p 0001d000 08:01 7347923                    /usr/lib/x86_64-linux-gnu/libtheoradec.so.1.1.4
7f862689d000-7f862689e000 r--p 0001c000 08:01 7347923                    /usr/lib/x86_64-linux-gnu/libtheoradec.so.1.1.4
7f862689e000-7f862689f000 rw-p 0001d000 08:01 7347923                    /usr/lib/x86_64-linux-gnu/libtheoradec.so.1.1.4
7f862689f000-7f86268dd000 r-xp 00000000 08:01 7347925                    /usr/lib/x86_64-linux-gnu/libtheoraenc.so.1.1.2
7f86268dd000-7f8626adc000 ---p 0003e000 08:01 7347925                    /usr/lib/x86_64-linux-gnu/libtheoraenc.so.1.1.2
7f8626adc000-7f8626add000 r--p 0003d000 08:01 7347925                    /usr/lib/x86_64-linux-gnu/libtheoraenc.so.1.1.2
7f8626add000-7f8626ade000 rw-p 0003e000 08:01 7347925                    /usr/lib/x86_64-linux-gnu/libtheoraenc.so.1.1.2
7f8626ade000-7f8626afb000 r-xp 00000000 08:01 7347934                    /usr/lib/x86_64-linux-gnu/libtwolame.so.0.0.0
7f8626afb000-7f8626cfb000 ---p 0001d000 08:01 7347934                    /usr/lib/x86_64-linux-gnu/libtwolame.so.0.0.0
7f8626cfb000-7f8626cfc000 r--p 0001d000 08:01 7347934                    /usr/lib/x86_64-linux-gnu/libtwolame.so.0.0.0
7f8626cfc000-7f8626cfd000 rw-p 0001e000 08:01 7347934                    /usr/lib/x86_64-linux-gnu/libtwolame.so.0.0.0
7f8626cfd000-7f8626d01000 rw-p 00000000 00:00 0 
7f8626d01000-7f8626d2b000 r-xp 00000000 08:01 7347977                    /usr/lib/x86_64-linux-gnu/libvorbis.so.0.4.8
7f8626d2b000-7f8626f2a000 ---p 0002a000 08:01 7347977                    /usr/lib/x86_64-linux-gnu/libvorbis.so.0.4.8
7f8626f2a000-7f8626f2b000 r--p 00029000 08:01 7347977                    /usr/lib/x86_64-linux-gnu/libvorbis.so.0.4.8
7f8626f2b000-7f8626f2c000 rw-p 0002a000 08:01 7347977                    /usr/lib/x86_64-linux-gnu/libvorbis.so.0.4.8
7f8626f2c000-7f8626fb9000 r-xp 00000000 08:01 7347979                    /usr/lib/x86_64-linux-gnu/libvorbisenc.so.2.0.11
7f8626fb9000-7f86271b8000 ---p 0008d000 08:01 7347979                    /usr/lib/x86_64-linux-gnu/libvorbisenc.so.2.0.11
7f86271b8000-7f86271d4000 r--p 0008c000 08:01 7347979                    /usr/lib/x86_64-linux-gnu/libvorbisenc.so.2.0.11
7f86271d4000-7f86271d5000 rw-p 000a8000 08:01 7347979                    /usr/lib/x86_64-linux-gnu/libvorbisenc.so.2.0.11
7f86271d5000-7f862740e000 r-xp 00000000 08:01 7347983                    /usr/lib/x86_64-linux-gnu/libvpx.so.4.1.0
7f862740e000-7f862760d000 ---p 00239000 08:01 7347983                    /usr/lib/x86_64-linux-gnu/libvpx.so.4.1.0
7f862760d000-7f862760f000 r--p 00238000 08:01 7347983                    /usr/lib/x86_64-linux-gnu/libvpx.so.4.1.0
7f862760f000-7f8627610000 rw-p 0023a000 08:01 7347983                    /usr/lib/x86_64-linux-gnu/libvpx.so.4.1.0
7f8627610000-7f8627612000 rw-p 00000000 00:00 0 
7f8627612000-7f862763b000 r-xp 00000000 08:01 7342280                    /usr/lib/x86_64-linux-gnu/libwavpack.so.1.2.0
7f862763b000-7f862783a000 ---p 00029000 08:01 7342280                    /usr/lib/x86_64-linux-gnu/libwavpack.so.1.2.0
7f862783a000-7f862783b000 r--p 00028000 08:01 7342280                    /usr/lib/x86_64-linux-gnu/libwavpack.so.1.2.0
7f862783b000-7f862783c000 rw-p 00029000 08:01 7342280                    /usr/lib/x86_64-linux-gnu/libwavpack.so.1.2.0
7f862783c000-7f86278a0000 r-xp 00000000 08:01 7348003                    /usr/lib/x86_64-linux-gnu/libwebp.so.6.0.1
7f86278a0000-7f8627a9f000 ---p 00064000 08:01 7348003                    /usr/lib/x86_64-linux-gnu/libwebp.so.6.0.1
7f8627a9f000-7f8627aa0000 r--p 00063000 08:01 7348003                    /usr/lib/x86_64-linux-gnu/libwebp.so.6.0.1
7f8627aa0000-7f8627aa1000 rw-p 00064000 08:01 7348003                    /usr/lib/x86_64-linux-gnu/libwebp.so.6.0.1
7f8627aa1000-7f8627aa3000 rw-p 00000000 00:00 0 
7f8627aa3000-7f8627aac000 r-xp 00000000 08:01 7348005                    /usr/lib/x86_64-linux-gnu/libwebpmux.so.3.0.0
7f8627aac000-7f8627cab000 ---p 00009000 08:01 7348005                    /usr/lib/x86_64-linux-gnu/libwebpmux.so.3.0.0
7f8627cab000-7f8627cac000 r--p 00008000 08:01 7348005                    /usr/lib/x86_64-linux-gnu/libwebpmux.so.3.0.0
7f8627cac000-7f8627cad000 rw-p 00009000 08:01 7348005                    /usr/lib/x86_64-linux-gnu/libwebpmux.so.3.0.0
7f8627cad000-7f8627dd2000 r-xp 00000000 08:01 7348026                    /usr/lib/x86_64-linux-gnu/libx264.so.148
7f8627dd2000-7f8627fd2000 ---p 00125000 08:01 7348026                    /usr/lib/x86_64-linux-gnu/libx264.so.148
7f8627fd2000-7f8627fd3000 r--p 00125000 08:01 7348026                    /usr/lib/x86_64-linux-gnu/libx264.so.148
7f8627fd3000-7f8627fd4000 rw-p 00126000 08:01 7348026                    /usr/lib/x86_64-linux-gnu/libx264.so.148
7f8627fd4000-7f862804f000 rw-p 00000000 00:00 0 
7f862804f000-7f8628aae000 r-xp 00000000 08:01 7348027                    /usr/lib/x86_64-linux-gnu/libx265.so.130
7f8628aae000-7f8628cad000 ---p 00a5f000 08:01 7348027                    /usr/lib/x86_64-linux-gnu/libx265.so.130
7f8628cad000-7f8628cb0000 r--p 00a5e000 08:01 7348027                    /usr/lib/x86_64-linux-gnu/libx265.so.130
7f8628cb0000-7f8628cb3000 rw-p 00a61000 08:01 7348027                    /usr/lib/x86_64-linux-gnu/libx265.so.130
7f8628cb3000-7f8628cc1000 rw-p 00000000 00:00 0 
7f8628cc1000-7f8628d62000 r-xp 00000000 08:01 7348097                    /usr/lib/x86_64-linux-gnu/libxvidcore.so.4.3
7f8628d62000-7f8628f61000 ---p 000a1000 08:01 7348097                    /usr/lib/x86_64-linux-gnu/libxvidcore.so.4.3
7f8628f61000-7f8628f62000 r--p 000a0000 08:01 7348097                    /usr/lib/x86_64-linux-gnu/libxvidcore.so.4.3
7f8628f62000-7f8628f6c000 rw-p 000a1000 08:01 7348097                    /usr/lib/x86_64-linux-gnu/libxvidcore.so.4.3
7f8628f6c000-7f8628fd5000 rw-p 00000000 00:00 0 
7f8628fd5000-7f862904c000 r-xp 00000000 08:01 7348109                    /usr/lib/x86_64-linux-gnu/libzvbi.so.0.13.2
7f862904c000-7f862924b000 ---p 00077000 08:01 7348109                    /usr/lib/x86_64-linux-gnu/libzvbi.so.0.13.2
7f862924b000-7f8629254000 r--p 00076000 08:01 7348109                    /usr/lib/x86_64-linux-gnu/libzvbi.so.0.13.2
7f8629254000-7f8629260000 rw-p 0007f000 08:01 7348109                    /usr/lib/x86_64-linux-gnu/libzvbi.so.0.13.2
7f8629260000-7f862927e000 r-xp 00000000 08:01 7347970                    /usr/lib/x86_64-linux-gnu/libva.so.1.4000.0
7f862927e000-7f862947d000 ---p 0001e000 08:01 7347970                    /usr/lib/x86_64-linux-gnu/libva.so.1.4000.0
7f862947d000-7f862947e000 r--p 0001d000 08:01 7347970                    /usr/lib/x86_64-linux-gnu/libva.so.1.4000.0
7f862947e000-7f862947f000 rw-p 0001e000 08:01 7347970                    /usr/lib/x86_64-linux-gnu/libva.so.1.4000.0
7f862947f000-7f862949b000 r-xp 00000000 08:01 7347892                    /usr/lib/x86_64-linux-gnu/libswresample.so.2.7.100
7f862949b000-7f862969b000 ---p 0001c000 08:01 7347892                    /usr/lib/x86_64-linux-gnu/libswresample.so.2.7.100
7f862969b000-7f862969d000 r--p 0001c000 08:01 7347892                    /usr/lib/x86_64-linux-gnu/libswresample.so.2.7.100
7f862969d000-7f862969e000 rw-p 0001e000 08:01 7347892                    /usr/lib/x86_64-linux-gnu/libswresample.so.2.7.100
7f862969e000-7f86296b5000 r-xp 00000000 08:01 1053274                    /lib/x86_64-linux-gnu/libusb-1.0.so.0.1.0
7f86296b5000-7f86298b4000 ---p 00017000 08:01 1053274                    /lib/x86_64-linux-gnu/libusb-1.0.so.0.1.0
7f86298b4000-7f86298b5000 r--p 00016000 08:01 1053274                    /lib/x86_64-linux-gnu/libusb-1.0.so.0.1.0
7f86298b5000-7f86298b6000 rw-p 00017000 08:01 1053274                    /lib/x86_64-linux-gnu/libusb-1.0.so.0.1.0
7f86298b6000-7f86298c3000 r-xp 00000000 08:01 7347793                    /usr/lib/x86_64-linux-gnu/libraw1394.so.11.1.0
7f86298c3000-7f8629ac3000 ---p 0000d000 08:01 7347793                    /usr/lib/x86_64-linux-gnu/libraw1394.so.11.1.0
7f8629ac3000-7f8629ac4000 r--p 0000d000 08:01 7347793                    /usr/lib/x86_64-linux-gnu/libraw1394.so.11.1.0
7f8629ac4000-7f8629ac5000 rw-p 0000e000 08:01 7347793                    /usr/lib/x86_64-linux-gnu/libraw1394.so.11.1.0
7f8629ac5000-7f8629ad0000 r-xp 00000000 08:01 7347522                    /usr/lib/x86_64-linux-gnu/libjbig.so.0
7f8629ad0000-7f8629ccf000 ---p 0000b000 08:01 7347522                    /usr/lib/x86_64-linux-gnu/libjbig.so.0
7f8629ccf000-7f8629cd0000 r--p 0000a000 08:01 7347522                    /usr/lib/x86_64-linux-gnu/libjbig.so.0
7f8629cd0000-7f8629cd3000 rw-p 0000b000 08:01 7347522                    /usr/lib/x86_64-linux-gnu/libjbig.so.0
7f8629cd3000-7f8629cf7000 r-xp 00000000 08:01 1053167                    /lib/x86_64-linux-gnu/liblzma.so.5.2.2
7f8629cf7000-7f8629ef7000 ---p 00024000 08:01 1053167                    /lib/x86_64-linux-gnu/liblzma.so.5.2.2
7f8629ef7000-7f8629ef8000 r--p 00024000 08:01 1053167                    /lib/x86_64-linux-gnu/liblzma.so.5.2.2
7f8629ef8000-7f8629ef9000 rw-p 00025000 08:01 1053167                    /lib/x86_64-linux-gnu/liblzma.so.5.2.2
7f8629ef9000-7f8629f7e000 r-xp 00000000 08:01 7347894                    /usr/lib/x86_64-linux-gnu/libswscale.so.4.6.100
7f8629f7e000-7f862a17d000 ---p 00085000 08:01 7347894                    /usr/lib/x86_64-linux-gnu/libswscale.so.4.6.100
7f862a17d000-7f862a17f000 r--p 00084000 08:01 7347894                    /usr/lib/x86_64-linux-gnu/libswscale.so.4.6.100
7f862a17f000-7f862a180000 rw-p 00086000 08:01 7347894                    /usr/lib/x86_64-linux-gnu/libswscale.so.4.6.100
7f862a180000-7f862a188000 rw-p 00000000 00:00 0 
7f862a188000-7f862a1eb000 r-xp 00000000 08:01 7346997                    /usr/lib/x86_64-linux-gnu/libavutil.so.55.58.100
7f862a1eb000-7f862a3eb000 ---p 00063000 08:01 7346997                    /usr/lib/x86_64-linux-gnu/libavutil.so.55.58.100
7f862a3eb000-7f862a3fc000 r--p 00063000 08:01 7346997                    /usr/lib/x86_64-linux-gnu/libavutil.so.55.58.100
7f862a3fc000-7f862a3fd000 rw-p 00074000 08:01 7346997                    /usr/lib/x86_64-linux-gnu/libavutil.so.55.58.100
7f862a3fd000-7f862a410000 rw-p 00000000 00:00 0 
7f862a410000-7f862a628000 r-xp 00000000 08:01 7346993                    /usr/lib/x86_64-linux-gnu/libavformat.so.57.71.100
7f862a628000-7f862a827000 ---p 00218000 08:01 7346993                    /usr/lib/x86_64-linux-gnu/libavformat.so.57.71.100
7f862a827000-7f862a840000 r--p 00217000 08:01 7346993                    /usr/lib/x86_64-linux-gnu/libavformat.so.57.71.100
7f862a840000-7f862a857000 rw-p 00230000 08:01 7346993                    /usr/lib/x86_64-linux-gnu/libavformat.so.57.71.100
7f862a857000-7f862b4c6000 r-xp 00000000 08:01 7346987                    /usr/lib/x86_64-linux-gnu/libavcodec.so.57.89.100
7f862b4c6000-7f862b6c5000 ---p 00c6f000 08:01 7346987                    /usr/lib/x86_64-linux-gnu/libavcodec.so.57.89.100
7f862b6c5000-7f862b6ff000 r--p 00c6e000 08:01 7346987                    /usr/lib/x86_64-linux-gnu/libavcodec.so.57.89.100
7f862b6ff000-7f862b72b000 rw-p 00ca8000 08:01 7346987                    /usr/lib/x86_64-linux-gnu/libavcodec.so.57.89.100
7f862b72b000-7f862bf76000 rw-p 00000000 00:00 0 
7f862bf76000-7f862fcc5000 r-xp 00000000 08:01 1976733                    /home/pil/Srcs/opencv/build/lib/libopencv_java340.so
7f862fcc5000-7f862fec5000 ---p 03d4f000 08:01 1976733                    /home/pil/Srcs/opencv/build/lib/libopencv_java340.so
7f862fec5000-7f862ff09000 r--p 03d4f000 08:01 1976733                    /home/pil/Srcs/opencv/build/lib/libopencv_java340.so
7f862ff09000-7f862ff51000 rw-p 03d93000 08:01 1976733                    /home/pil/Srcs/opencv/build/lib/libopencv_java340.so
7f862ff51000-7f8630000000 rw-p 00000000 00:00 0 
7f8630000000-7f8630021000 rw-p 00000000 00:00 0 
7f8630021000-7f8634000000 ---p 00000000 00:00 0 
7f8634000000-7f8634021000 rw-p 00000000 00:00 0 
7f8634021000-7f8638000000 ---p 00000000 00:00 0 
7f8638000000-7f86380aa000 rw-p 00000000 00:00 0 
7f86380aa000-7f863c000000 ---p 00000000 00:00 0 
7f863c000000-7f863c284000 rw-p 00000000 00:00 0 
7f863c284000-7f8640000000 ---p 00000000 00:00 0 
7f8640000000-7f86403b8000 rw-p 00000000 00:00 0 
7f86403b8000-7f8644000000 ---p 00000000 00:00 0 
7f8644058000-7f864405b000 ---p 00000000 00:00 0 
7f864405b000-7f8644159000 rwxp 00000000 00:00 0 
7f8644159000-7f864418d000 r-xp 00000000 08:01 7347098                    /usr/lib/x86_64-linux-gnu/libdc1394.so.22.2.1
7f864418d000-7f864438d000 ---p 00034000 08:01 7347098                    /usr/lib/x86_64-linux-gnu/libdc1394.so.22.2.1
7f864438d000-7f864438e000 r--p 00034000 08:01 7347098                    /usr/lib/x86_64-linux-gnu/libdc1394.so.22.2.1
7f864438e000-7f864438f000 rw-p 00035000 08:01 7347098                    /usr/lib/x86_64-linux-gnu/libdc1394.so.22.2.1
7f864438f000-7f86443cf000 rw-p 00000000 00:00 0 
7f86443cf000-7f8644419000 r-xp 00000000 08:01 7360111                    /usr/lib/x86_64-linux-gnu/libjasper.so.1.0.0
7f8644419000-7f8644618000 ---p 0004a000 08:01 7360111                    /usr/lib/x86_64-linux-gnu/libjasper.so.1.0.0
7f8644618000-7f8644619000 r--p 00049000 08:01 7360111                    /usr/lib/x86_64-linux-gnu/libjasper.so.1.0.0
7f8644619000-7f864461d000 rw-p 0004a000 08:01 7360111                    /usr/lib/x86_64-linux-gnu/libjasper.so.1.0.0
7f864461d000-7f8644624000 rw-p 00000000 00:00 0 
7f8644624000-7f8644696000 r-xp 00000000 08:01 7347929                    /usr/lib/x86_64-linux-gnu/libtiff.so.5.2.6
7f8644696000-7f8644895000 ---p 00072000 08:01 7347929                    /usr/lib/x86_64-linux-gnu/libtiff.so.5.2.6
7f8644895000-7f8644899000 r--p 00071000 08:01 7347929                    /usr/lib/x86_64-linux-gnu/libtiff.so.5.2.6
7f8644899000-7f864489a000 rw-p 00075000 08:01 7347929                    /usr/lib/x86_64-linux-gnu/libtiff.so.5.2.6
7f864489a000-7f86448cb000 r-xp 00000000 08:01 7347729                    /usr/lib/x86_64-linux-gnu/libpng16.so.16.34.0
7f86448cb000-7f8644aca000 ---p 00031000 08:01 7347729                    /usr/lib/x86_64-linux-gnu/libpng16.so.16.34.0
7f8644aca000-7f8644acb000 r--p 00030000 08:01 7347729                    /usr/lib/x86_64-linux-gnu/libpng16.so.16.34.0
7f8644acb000-7f8644acc000 rw-p 00031000 08:01 7347729                    /usr/lib/x86_64-linux-gnu/libpng16.so.16.34.0
7f8644acc000-7f8644b33000 r-xp 00000000 08:01 7347526                    /usr/lib/x86_64-linux-gnu/libjpeg.so.8.1.2
7f8644b33000-7f8644d32000 ---p 00067000 08:01 7347526                    /usr/lib/x86_64-linux-gnu/libjpeg.so.8.1.2
7f8644d32000-7f8644d33000 r--p 00066000 08:01 7347526                    /usr/lib/x86_64-linux-gnu/libjpeg.so.8.1.2
7f8644d33000-7f8644d34000 rw-p 00067000 08:01 7347526                    /usr/lib/x86_64-linux-gnu/libjpeg.so.8.1.2
7f8644da7000-7f8644dfb000 r-xp 00000000 08:01 527995                     /usr/lib/jvm/java-8-openjdk-amd64/jre/lib/amd64/libawt_xawt.so
7f8644dfb000-7f8644ffa000 ---p 00054000 08:01 527995                     /usr/lib/jvm/java-8-openjdk-amd64/jre/lib/amd64/libawt_xawt.so
7f8644ffa000-7f8644ffb000 r--p 00053000 08:01 527995                     /usr/lib/jvm/java-8-openjdk-amd64/jre/lib/amd64/libawt_xawt.so
7f8644ffb000-7f8644ffe000 rw-p 00054000 08:01 527995                     /usr/lib/jvm/java-8-openjdk-amd64/jre/lib/amd64/libawt_xawt.so
7f8644ffe000-7f8648000000 rw-p 00000000 00:00 0 
7f8648000000-7f8648021000 rw-p 00000000 00:00 0 
7f8648021000-7f864c000000 ---p 00000000 00:00 0 
7f864c000000-7f864c021000 rw-p 00000000 00:00 0 
7f864c021000-7f8650000000 ---p 00000000 00:00 0 
7f8650000000-7f8650021000 rw-p 00000000 00:00 0 
7f8650021000-7f8654000000 ---p 00000000 00:00 0 
7f8654000000-7f8654021000 rw-p 00000000 00:00 0 
7f8654021000-7f8658000000 ---p 00000000 00:00 0 
7f8658000000-7f8658084000 rw-p 00000000 00:00 0 
7f8658084000-7f865c000000 ---p 00000000 00:00 0 
7f865c000000-7f865c021000 rw-p 00000000 00:00 0 
7f865c021000-7f8660000000 ---p 00000000 00:00 0 
7f866002e000-7f8660033000 r-xp 00000000 08:01 7346918                    /usr/lib/x86_64-linux-gnu/libXtst.so.6.1.0
7f8660033000-7f8660232000 ---p 00005000 08:01 7346918                    /usr/lib/x86_64-linux-gnu/libXtst.so.6.1.0
7f8660232000-7f8660233000 r--p 00004000 08:01 7346918                    /usr/lib/x86_64-linux-gnu/libXtst.so.6.1.0
7f8660233000-7f8660234000 rw-p 00005000 08:01 7346918                    /usr/lib/x86_64-linux-gnu/libXtst.so.6.1.0
7f8660234000-7f86602d4000 r-xp 00000000 08:01 527993                     /usr/lib/jvm/java-8-openjdk-amd64/jre/lib/amd64/libawt.so
7f86602d4000-7f86604d3000 ---p 000a0000 08:01 527993                     /usr/lib/jvm/java-8-openjdk-amd64/jre/lib/amd64/libawt.so
7f86604d3000-7f86604d4000 r--p 0009f000 08:01 527993                     /usr/lib/jvm/java-8-openjdk-amd64/jre/lib/amd64/libawt.so
7f86604d4000-7f86604df000 rw-p 000a0000 08:01 527993                     /usr/lib/jvm/java-8-openjdk-amd64/jre/lib/amd64/libawt.so
7f86604df000-7f8660504000 rw-p 00000000 00:00 0 
7f8660504000-7f8660505000 ---p 00000000 00:00 0 
7f8660505000-7f8660605000 rwxp 00000000 00:00 0 
7f8660605000-7f8660608000 ---p 00000000 00:00 0 
7f8660608000-7f8660706000 rwxp 00000000 00:00 0 
7f8660706000-7f8660709000 ---p 00000000 00:00 0 
7f8660709000-7f8660807000 rwxp 00000000 00:00 0 
7f8660807000-7f866080a000 ---p 00000000 00:00 0 
7f866080a000-7f8660908000 rwxp 00000000 00:00 0 
7f8660908000-7f866091f000 r-xp 00000000 08:01 528125                     /usr/lib/jvm/java-8-openjdk-amd64/jre/lib/amd64/libnet.so
7f866091f000-7f8660b1e000 ---p 00017000 08:01 528125                     /usr/lib/jvm/java-8-openjdk-amd64/jre/lib/amd64/libnet.so
7f8660b1e000-7f8660b1f000 r--p 00016000 08:01 528125                     /usr/lib/jvm/java-8-openjdk-amd64/jre/lib/amd64/libnet.so
7f8660b1f000-7f8660b20000 rw-p 00017000 08:01 528125                     /usr/lib/jvm/java-8-openjdk-amd64/jre/lib/amd64/libnet.so
7f8660b20000-7f8660b23000 ---p 00000000 00:00 0 
7f8660b23000-7f8660c21000 rwxp 00000000 00:00 0 
7f8660c21000-7f8660c24000 ---p 00000000 00:00 0 
7f8660c24000-7f8660d22000 rwxp 00000000 00:00 0 
7f8660d22000-7f8660d25000 ---p 00000000 00:00 0 
7f8660d25000-7f8660e23000 rwxp 00000000 00:00 0 
7f8660e23000-7f86610ff000 r--p 00000000 08:01 7340981                    /usr/lib/locale/locale-archive
7f86610ff000-7f8661102000 ---p 00000000 00:00 0 
7f8661102000-7f8661200000 rwxp 00000000 00:00 0 
7f8661200000-7f8661203000 ---p 00000000 00:00 0 
7f8661203000-7f8661301000 rwxp 00000000 00:00 0 
7f8661301000-7f8661302000 ---p 00000000 00:00 0 
7f8661302000-7f8661402000 rwxp 00000000 00:00 0 
7f8661402000-7f8664000000 rw-p 00000000 00:00 0 
7f8664000000-7f8664021000 rw-p 00000000 00:00 0 
7f8664021000-7f8668000000 ---p 00000000 00:00 0 
7f8668000000-7f8668021000 rw-p 00000000 00:00 0 
7f8668021000-7f866c000000 ---p 00000000 00:00 0 
7f866c000000-7f866c021000 rw-p 00000000 00:00 0 
7f866c021000-7f8670000000 ---p 00000000 00:00 0 
7f8670015000-7f8670018000 ---p 00000000 00:00 0 
7f8670018000-7f867004e000 rwxp 00000000 00:00 0 
7f867004e000-7f867014f000 rw-p 00000000 00:00 0 
7f867014f000-7f867031e000 r--s 03c21000 08:01 528474                     /usr/lib/jvm/java-8-openjdk-amd64/jre/lib/rt.jar
7f867031e000-7f8670cfd000 rw-p 00000000 00:00 0 
7f8670cfd000-7f8670cfe000 ---p 00000000 00:00 0 
7f8670cfe000-7f8670dfe000 rwxp 00000000 00:00 0 
7f8670dfe000-7f8670dff000 ---p 00000000 00:00 0 
7f8670dff000-7f8670eff000 rwxp 00000000 00:00 0 
7f8670eff000-7f8670f00000 ---p 00000000 00:00 0 
7f8670f00000-7f86712c0000 rwxp 00000000 00:00 0 
7f86712c0000-7f8680000000 ---p 00000000 00:00 0 
7f8680000000-7f8683711000 rw-p 00000000 00:00 0 
7f8683711000-7f8684000000 ---p 00000000 00:00 0 
7f8684027000-7f868402e000 r--s 00000000 08:01 7476723                    /usr/lib/x86_64-linux-gnu/gconv/gconv-modules.cache
7f868402e000-7f8684030000 r--s 0001a000 08:01 5772641                    /home/pil/bin/idea_/lib/idea_rt.jar
7f8684030000-7f8684036000 r--s 00062000 08:01 2105509                    /home/pil/Srcs/opencv/build/bin/opencv-340.jar
7f8684036000-7f8684049000 r--s 00346000 08:01 528473                     /usr/lib/jvm/java-8-openjdk-amd64/jre/lib/resources.jar
7f8684049000-7f868404e000 r--s 0009a000 08:01 528468                     /usr/lib/jvm/java-8-openjdk-amd64/jre/lib/jsse.jar
7f868404e000-7f8684051000 r--s 00015000 08:01 528466                     /usr/lib/jvm/java-8-openjdk-amd64/jre/lib/jce.jar
7f8684051000-7f8684053000 r--s 00007000 08:01 7609494                    /usr/share/java/java-atk-wrapper.jar
7f8684053000-7f8684058000 r--s 002f9000 08:01 528250                     /usr/lib/jvm/java-8-openjdk-amd64/jre/lib/charsets.jar
7f8684058000-7f8684073000 r--s 00394000 08:01 528262                     /usr/lib/jvm/java-8-openjdk-amd64/jre/lib/ext/cldrdata.jar
7f8684073000-7f8684077000 r--s 00037000 08:01 528270                     /usr/lib/jvm/java-8-openjdk-amd64/jre/lib/ext/sunpkcs11.jar
7f8684077000-7f8684079000 r--s 00007000 08:01 7609494                    /usr/share/java/java-atk-wrapper.jar
7f8684079000-7f86840ef000 rw-p 00000000 00:00 0 
7f86840ef000-7f86840f0000 ---p 00000000 00:00 0 
7f86840f0000-7f86841f0000 rwxp 00000000 00:00 0 
7f86841f0000-7f868429e000 rw-p 00000000 00:00 0 
7f868429e000-7f8684330000 ---p 00000000 00:00 0 
7f8684330000-7f86843de000 rw-p 00000000 00:00 0 
7f86843de000-7f868446f000 ---p 00000000 00:00 0 
7f868446f000-7f868447a000 rw-p 00000000 00:00 0 
7f868447a000-7f868450f000 ---p 00000000 00:00 0 
7f868450f000-7f868451b000 rw-p 00000000 00:00 0 
7f868451b000-7f86848d0000 ---p 00000000 00:00 0 
7f86848d0000-7f86848d8000 r-xp 00000000 08:01 528246                     /usr/lib/jvm/java-8-openjdk-amd64/jre/lib/amd64/libzip.so
7f86848d8000-7f8684ad7000 ---p 00008000 08:01 528246                     /usr/lib/jvm/java-8-openjdk-amd64/jre/lib/amd64/libzip.so
7f8684ad7000-7f8684ad8000 r--p 00007000 08:01 528246                     /usr/lib/jvm/java-8-openjdk-amd64/jre/lib/amd64/libzip.so
7f8684ad8000-7f8684ad9000 rw-p 00008000 08:01 528246                     /usr/lib/jvm/java-8-openjdk-amd64/jre/lib/amd64/libzip.so
7f8684ad9000-7f8684ae4000 r-xp 00000000 08:01 1048622                    /lib/x86_64-linux-gnu/libnss_files-2.26.so
7f8684ae4000-7f8684ce3000 ---p 0000b000 08:01 1048622                    /lib/x86_64-linux-gnu/libnss_files-2.26.so
7f8684ce3000-7f8684ce4000 r--p 0000a000 08:01 1048622                    /lib/x86_64-linux-gnu/libnss_files-2.26.so
7f8684ce4000-7f8684ce5000 rw-p 0000b000 08:01 1048622                    /lib/x86_64-linux-gnu/libnss_files-2.26.so
7f8684ce5000-7f8684ceb000 rw-p 00000000 00:00 0 
7f8684ceb000-7f8684cf6000 r-xp 00000000 08:01 1048624                    /lib/x86_64-linux-gnu/libnss_nis-2.26.so
7f8684cf6000-7f8684ef5000 ---p 0000b000 08:01 1048624                    /lib/x86_64-linux-gnu/libnss_nis-2.26.so
7f8684ef5000-7f8684ef6000 r--p 0000a000 08:01 1048624                    /lib/x86_64-linux-gnu/libnss_nis-2.26.so
7f8684ef6000-7f8684ef7000 rw-p 0000b000 08:01 1048624                    /lib/x86_64-linux-gnu/libnss_nis-2.26.so
7f8684ef7000-7f8684f0e000 r-xp 00000000 08:01 1048619                    /lib/x86_64-linux-gnu/libnsl-2.26.so
7f8684f0e000-7f868510d000 ---p 00017000 08:01 1048619                    /lib/x86_64-linux-gnu/libnsl-2.26.so
7f868510d000-7f868510e000 r--p 00016000 08:01 1048619                    /lib/x86_64-linux-gnu/libnsl-2.26.so
7f868510e000-7f868510f000 rw-p 00017000 08:01 1048619                    /lib/x86_64-linux-gnu/libnsl-2.26.so
7f868510f000-7f8685111000 rw-p 00000000 00:00 0 
7f8685111000-7f8685119000 r-xp 00000000 08:01 1048620                    /lib/x86_64-linux-gnu/libnss_compat-2.26.so
7f8685119000-7f8685318000 ---p 00008000 08:01 1048620                    /lib/x86_64-linux-gnu/libnss_compat-2.26.so
7f8685318000-7f8685319000 r--p 00007000 08:01 1048620                    /lib/x86_64-linux-gnu/libnss_compat-2.26.so
7f8685319000-7f868531a000 rw-p 00008000 08:01 1048620                    /lib/x86_64-linux-gnu/libnss_compat-2.26.so
7f868531a000-7f8685324000 r-xp 00000000 08:01 527999                     /usr/lib/jvm/java-8-openjdk-amd64/jre/lib/amd64/libinstrument.so
7f8685324000-7f8685523000 ---p 0000a000 08:01 527999                     /usr/lib/jvm/java-8-openjdk-amd64/jre/lib/amd64/libinstrument.so
7f8685523000-7f8685524000 r--p 00009000 08:01 527999                     /usr/lib/jvm/java-8-openjdk-amd64/jre/lib/amd64/libinstrument.so
7f8685524000-7f8685525000 rw-p 0000a000 08:01 527999                     /usr/lib/jvm/java-8-openjdk-amd64/jre/lib/amd64/libinstrument.so
7f8685525000-7f8685552000 r-xp 00000000 08:01 528114                     /usr/lib/jvm/java-8-openjdk-amd64/jre/lib/amd64/libjava.so
7f8685552000-7f8685752000 ---p 0002d000 08:01 528114                     /usr/lib/jvm/java-8-openjdk-amd64/jre/lib/amd64/libjava.so
7f8685752000-7f8685753000 r--p 0002d000 08:01 528114                     /usr/lib/jvm/java-8-openjdk-amd64/jre/lib/amd64/libjava.so
7f8685753000-7f8685755000 rw-p 0002e000 08:01 528114                     /usr/lib/jvm/java-8-openjdk-amd64/jre/lib/amd64/libjava.so
7f8685755000-7f8685765000 r-xp 00000000 08:01 528245                     /usr/lib/jvm/java-8-openjdk-amd64/jre/lib/amd64/libverify.so
7f8685765000-7f8685964000 ---p 00010000 08:01 528245                     /usr/lib/jvm/java-8-openjdk-amd64/jre/lib/amd64/libverify.so
7f8685964000-7f8685966000 r--p 0000f000 08:01 528245                     /usr/lib/jvm/java-8-openjdk-amd64/jre/lib/amd64/libverify.so
7f8685966000-7f8685967000 rw-p 00011000 08:01 528245                     /usr/lib/jvm/java-8-openjdk-amd64/jre/lib/amd64/libverify.so
7f8685967000-7f868596e000 r-xp 00000000 08:01 1053219                    /lib/x86_64-linux-gnu/librt-2.26.so
7f868596e000-7f8685b6d000 ---p 00007000 08:01 1053219                    /lib/x86_64-linux-gnu/librt-2.26.so
7f8685b6d000-7f8685b6e000 r--p 00006000 08:01 1053219                    /lib/x86_64-linux-gnu/librt-2.26.so
7f8685b6e000-7f8685b6f000 rw-p 00007000 08:01 1053219                    /lib/x86_64-linux-gnu/librt-2.26.so
7f8685b6f000-7f8685b85000 r-xp 00000000 08:01 1053157                    /lib/x86_64-linux-gnu/libgcc_s.so.1
7f8685b85000-7f8685d84000 ---p 00016000 08:01 1053157                    /lib/x86_64-linux-gnu/libgcc_s.so.1
7f8685d84000-7f8685d85000 r--p 00015000 08:01 1053157                    /lib/x86_64-linux-gnu/libgcc_s.so.1
7f8685d85000-7f8685d86000 rw-p 00016000 08:01 1053157                    /lib/x86_64-linux-gnu/libgcc_s.so.1
7f8685d86000-7f8685edb000 r-xp 00000000 08:01 1048616                    /lib/x86_64-linux-gnu/libm-2.26.so
7f8685edb000-7f86860da000 ---p 00155000 08:01 1048616                    /lib/x86_64-linux-gnu/libm-2.26.so
7f86860da000-7f86860db000 r--p 00154000 08:01 1048616                    /lib/x86_64-linux-gnu/libm-2.26.so
7f86860db000-7f86860dc000 rw-p 00155000 08:01 1048616                    /lib/x86_64-linux-gnu/libm-2.26.so
7f86860dc000-7f8686254000 r-xp 00000000 08:01 7367187                    /usr/lib/x86_64-linux-gnu/libstdc++.so.6.0.24
7f8686254000-7f8686453000 ---p 00178000 08:01 7367187                    /usr/lib/x86_64-linux-gnu/libstdc++.so.6.0.24
7f8686453000-7f868645d000 r--p 00177000 08:01 7367187                    /usr/lib/x86_64-linux-gnu/libstdc++.so.6.0.24
7f868645d000-7f868645f000 rw-p 00181000 08:01 7367187                    /usr/lib/x86_64-linux-gnu/libstdc++.so.6.0.24
7f868645f000-7f8686462000 rw-p 00000000 00:00 0 
7f8686462000-7f86870ec000 r-xp 00000000 08:01 528249                     /usr/lib/jvm/java-8-openjdk-amd64/jre/lib/amd64/server/libjvm.so
7f86870ec000-7f86872ec000 ---p 00c8a000 08:01 528249                     /usr/lib/jvm/java-8-openjdk-amd64/jre/lib/amd64/server/libjvm.so
7f86872ec000-7f868737f000 r--p 00c8a000 08:01 528249                     /usr/lib/jvm/java-8-openjdk-amd64/jre/lib/amd64/server/libjvm.so
7f868737f000-7f86873a7000 rw-p 00d1d000 08:01 528249                     /usr/lib/jvm/java-8-openjdk-amd64/jre/lib/amd64/server/libjvm.so
7f86873a7000-7f86873d8000 rw-p 00000000 00:00 0 
7f86873d8000-7f86873f2000 r-xp 00000000 08:01 1048627                    /lib/x86_64-linux-gnu/libpthread-2.26.so
7f86873f2000-7f86875f1000 ---p 0001a000 08:01 1048627                    /lib/x86_64-linux-gnu/libpthread-2.26.so
7f86875f1000-7f86875f2000 r--p 00019000 08:01 1048627                    /lib/x86_64-linux-gnu/libpthread-2.26.so
7f86875f2000-7f86875f3000 rw-p 0001a000 08:01 1048627                    /lib/x86_64-linux-gnu/libpthread-2.26.so
7f86875f3000-7f86875f7000 rw-p 00000000 00:00 0 
7f86875f7000-7f86875fa000 r-xp 00000000 08:01 1048615                    /lib/x86_64-linux-gnu/libdl-2.26.so
7f86875fa000-7f86877f9000 ---p 00003000 08:01 1048615                    /lib/x86_64-linux-gnu/libdl-2.26.so
7f86877f9000-7f86877fa000 r--p 00002000 08:01 1048615                    /lib/x86_64-linux-gnu/libdl-2.26.so
7f86877fa000-7f86877fb000 rw-p 00003000 08:01 1048615                    /lib/x86_64-linux-gnu/libdl-2.26.so
7f86877fb000-7f8687817000 r-xp 00000000 08:01 1053282                    /lib/x86_64-linux-gnu/libz.so.1.2.11
7f8687817000-7f8687a16000 ---p 0001c000 08:01 1053282                    /lib/x86_64-linux-gnu/libz.so.1.2.11
7f8687a16000-7f8687a17000 r--p 0001b000 08:01 1053282                    /lib/x86_64-linux-gnu/libz.so.1.2.11
7f8687a17000-7f8687a18000 rw-p 0001c000 08:01 1053282                    /lib/x86_64-linux-gnu/libz.so.1.2.11
7f8687a18000-7f8687bee000 r-xp 00000000 08:01 1048612                    /lib/x86_64-linux-gnu/libc-2.26.so
7f8687bee000-7f8687dee000 ---p 001d6000 08:01 1048612                    /lib/x86_64-linux-gnu/libc-2.26.so
7f8687dee000-7f8687df2000 r--p 001d6000 08:01 1048612                    /lib/x86_64-linux-gnu/libc-2.26.so
7f8687df2000-7f8687df4000 rw-p 001da000 08:01 1048612                    /lib/x86_64-linux-gnu/libc-2.26.so
7f8687df4000-7f8687df8000 rw-p 00000000 00:00 0 
7f8687df8000-7f8687e06000 r-xp 00000000 08:01 527990                     /usr/lib/jvm/java-8-openjdk-amd64/jre/lib/amd64/jli/libjli.so
7f8687e06000-7f8688005000 ---p 0000e000 08:01 527990                     /usr/lib/jvm/java-8-openjdk-amd64/jre/lib/amd64/jli/libjli.so
7f8688005000-7f8688006000 r--p 0000d000 08:01 527990                     /usr/lib/jvm/java-8-openjdk-amd64/jre/lib/amd64/jli/libjli.so
7f8688006000-7f8688007000 rw-p 0000e000 08:01 527990                     /usr/lib/jvm/java-8-openjdk-amd64/jre/lib/amd64/jli/libjli.so
7f8688007000-7f868802e000 r-xp 00000000 08:01 1048581                    /lib/x86_64-linux-gnu/ld-2.26.so
7f868802e000-7f868802f000 r--s 00000000 08:01 528471                     /usr/lib/jvm/java-8-openjdk-amd64/jre/lib/management-agent.jar
7f868802f000-7f8688030000 r--s 00010000 08:01 528271                     /usr/lib/jvm/java-8-openjdk-amd64/jre/lib/ext/zipfs.jar
7f8688030000-7f868804b000 r--s 001d6000 08:01 528267                     /usr/lib/jvm/java-8-openjdk-amd64/jre/lib/ext/nashorn.jar
7f868804b000-7f86880f4000 rw-p 00000000 00:00 0 
7f86880f4000-7f86880f7000 ---p 00000000 00:00 0 
7f86880f7000-7f86881f5000 rwxp 00000000 00:00 0 
7f86881f5000-7f86881f7000 rw-p 00000000 00:00 0 
7f86881f7000-7f86881fd000 r--s 0003a000 08:01 528269                     /usr/lib/jvm/java-8-openjdk-amd64/jre/lib/ext/sunjce_provider.jar
7f86881fd000-7f8688200000 r--s 0000f000 08:01 528264                     /usr/lib/jvm/java-8-openjdk-amd64/jre/lib/ext/icedtea-sound.jar
7f8688200000-7f8688202000 r--s 00001000 08:01 528263                     /usr/lib/jvm/java-8-openjdk-amd64/jre/lib/ext/dnsns.jar
7f8688202000-7f8688204000 r--s 00008000 08:01 528268                     /usr/lib/jvm/java-8-openjdk-amd64/jre/lib/ext/sunec.jar
7f8688204000-7f8688205000 r--s 0000a000 08:01 528265                     /usr/lib/jvm/java-8-openjdk-amd64/jre/lib/ext/jaccess.jar
7f8688205000-7f868820f000 r--s 00116000 08:01 528266                     /usr/lib/jvm/java-8-openjdk-amd64/jre/lib/ext/localedata.jar
7f868820f000-7f8688222000 rw-p 00000000 00:00 0 
7f8688222000-7f868822a000 rw-s 00000000 08:01 3036260                    /tmp/hsperfdata_pil/16272
7f868822a000-7f868822b000 rw-p 00000000 00:00 0 
7f868822b000-7f868822c000 ---p 00000000 00:00 0 
7f868822c000-7f868822e000 rw-p 00000000 00:00 0 
7f868822e000-7f868822f000 r--p 00027000 08:01 1048581                    /lib/x86_64-linux-gnu/ld-2.26.so
7f868822f000-7f8688230000 rw-p 00028000 08:01 1048581                    /lib/x86_64-linux-gnu/ld-2.26.so
7f8688230000-7f8688231000 rw-p 00000000 00:00 0 
7ffdd2d15000-7ffdd2d36000 rwxp 00000000 00:00 0                          [stack]
7ffdd2d36000-7ffdd2d37000 rw-p 00000000 00:00 0 
7ffdd2dcb000-7ffdd2dce000 r--p 00000000 00:00 0                          [vvar]
7ffdd2dce000-7ffdd2dd0000 r-xp 00000000 00:00 0                          [vdso]
ffffffffff600000-ffffffffff601000 r-xp 00000000 00:00 0                  [vsyscall]

VM Arguments:
jvm_args: -Djava.library.path=/home/pil/Srcs/opencv/build/lib -javaagent:/home/pil/bin/idea_/lib/idea_rt.jar=42183:/home/pil/bin/idea_/bin -Dfile.encoding=UTF-8 
java_command: com.CDIO3.Main
java_class_path (initial): /usr/lib/jvm/java-1.8.0-openjdk-amd64/jre/lib/charsets.jar:/usr/lib/jvm/java-1.8.0-openjdk-amd64/jre/lib/ext/cldrdata.jar:/usr/lib/jvm/java-1.8.0-openjdk-amd64/jre/lib/ext/dnsns.jar:/usr/lib/jvm/java-1.8.0-openjdk-amd64/jre/lib/ext/icedtea-sound.jar:/usr/lib/jvm/java-1.8.0-openjdk-amd64/jre/lib/ext/jaccess.jar:/usr/lib/jvm/java-1.8.0-openjdk-amd64/jre/lib/ext/java-atk-wrapper.jar:/usr/lib/jvm/java-1.8.0-openjdk-amd64/jre/lib/ext/localedata.jar:/usr/lib/jvm/java-1.8.0-openjdk-amd64/jre/lib/ext/nashorn.jar:/usr/lib/jvm/java-1.8.0-openjdk-amd64/jre/lib/ext/sunec.jar:/usr/lib/jvm/java-1.8.0-openjdk-amd64/jre/lib/ext/sunjce_provider.jar:/usr/lib/jvm/java-1.8.0-openjdk-amd64/jre/lib/ext/sunpkcs11.jar:/usr/lib/jvm/java-1.8.0-openjdk-amd64/jre/lib/ext/zipfs.jar:/usr/lib/jvm/java-1.8.0-openjdk-amd64/jre/lib/jce.jar:/usr/lib/jvm/java-1.8.0-openjdk-amd64/jre/lib/jsse.jar:/usr/lib/jvm/java-1.8.0-openjdk-amd64/jre/lib/management-agent.jar:/usr/lib/jvm/java-1.8.0-openjdk-amd64/jre/lib/resources.jar:/usr/lib/jvm/java-1.8.0-openjdk-amd64/jre/lib/rt.jar:/home/pil/Cruft/QR_detection/out/production/QR_detection:/home/pil/Srcs/opencv/build/bin/opencv-340.jar:/home/pil/bin/idea_/lib/idea_rt.jar
Launcher Type: SUN_STANDARD

Environment Variables:
PATH=/home/pil/bin:/usr/local/sbin:/usr/local/bin:/usr/sbin:/usr/bin:/sbin:/bin:/usr/games:/usr/local/games:/snap/bin
SHELL=/usr/bin/zsh
DISPLAY=:0

Signal Handlers:
SIGSEGV: [libjvm.so+0xaa6ae0], sa_mask[0]=11111111011111111101111111111110, sa_flags=SA_RESTART|SA_SIGINFO
SIGBUS: [libjvm.so+0xaa6ae0], sa_mask[0]=11111111011111111101111111111110, sa_flags=SA_RESTART|SA_SIGINFO
SIGFPE: [libjvm.so+0x8ddf00], sa_mask[0]=11111111011111111101111111111110, sa_flags=SA_RESTART|SA_SIGINFO
SIGPIPE: [libjvm.so+0x8ddf00], sa_mask[0]=11111111011111111101111111111110, sa_flags=SA_RESTART|SA_SIGINFO
SIGXFSZ: [libjvm.so+0x8ddf00], sa_mask[0]=11111111011111111101111111111110, sa_flags=SA_RESTART|SA_SIGINFO
SIGILL: [libjvm.so+0x8ddf00], sa_mask[0]=11111111011111111101111111111110, sa_flags=SA_RESTART|SA_SIGINFO
SIGUSR1: SIG_DFL, sa_mask[0]=00000000000000000000000000000000, sa_flags=none
SIGUSR2: [libjvm.so+0x8dddb0], sa_mask[0]=00100000000000000000000000000000, sa_flags=SA_RESTART|SA_SIGINFO
SIGHUP: [libjvm.so+0x8de260], sa_mask[0]=11111111011111111101111111111110, sa_flags=SA_RESTART|SA_SIGINFO
SIGINT: [libjvm.so+0x8de260], sa_mask[0]=11111111011111111101111111111110, sa_flags=SA_RESTART|SA_SIGINFO
SIGTERM: [libjvm.so+0x8de260], sa_mask[0]=11111111011111111101111111111110, sa_flags=SA_RESTART|SA_SIGINFO
SIGQUIT: [libjvm.so+0x8de260], sa_mask[0]=11111111011111111101111111111110, sa_flags=SA_RESTART|SA_SIGINFO


---------------  S Y S T E M  ---------------

OS:DISTRIB_ID=Ubuntu
DISTRIB_RELEASE=17.10
DISTRIB_CODENAME=artful
DISTRIB_DESCRIPTION="Ubuntu 17.10"

uname:Linux 4.13.0-32-generic #35-Ubuntu SMP Thu Jan 25 09:13:46 UTC 2018 x86_64
libc:glibc 2.26 NPTL 2.26 
rlimit: STACK 8192k, CORE 0k, NPROC 15099, NOFILE 1048576, AS infinity
load average:2.96 1.31 1.11

/proc/meminfo:
MemTotal:        3919604 kB
MemFree:           91280 kB
MemAvailable:          0 kB
Buffers:             344 kB
Cached:           655356 kB
SwapCached:         1788 kB
Active:          3012384 kB
Inactive:         625568 kB
Active(anon):    3008052 kB
Inactive(anon):   615732 kB
Active(file):       4332 kB
Inactive(file):     9836 kB
Unevictable:          80 kB
Mlocked:              80 kB
SwapTotal:       2097148 kB
SwapFree:              4 kB
Dirty:                64 kB
Writeback:             8 kB
AnonPages:       2981212 kB
Mapped:           282692 kB
Shmem:            641296 kB
Slab:              74788 kB
SReclaimable:      31708 kB
SUnreclaim:        43080 kB
KernelStack:       15856 kB
PageTables:        53952 kB
NFS_Unstable:          0 kB
Bounce:                0 kB
WritebackTmp:          0 kB
CommitLimit:     4056948 kB
Committed_AS:   12848676 kB
VmallocTotal:   34359738367 kB
VmallocUsed:           0 kB
VmallocChunk:          0 kB
HardwareCorrupted:     0 kB
AnonHugePages:         0 kB
ShmemHugePages:        0 kB
ShmemPmdMapped:        0 kB
CmaTotal:              0 kB
CmaFree:               0 kB
HugePages_Total:       0
HugePages_Free:        0
HugePages_Rsvd:        0
HugePages_Surp:        0
Hugepagesize:       2048 kB
DirectMap4k:      149120 kB
DirectMap2M:     3926016 kB


CPU:total 4 (initial active 4) (2 cores per cpu, 2 threads per core) family 6 model 42 stepping 7, cmov, cx8, fxsr, mmx, sse, sse2, sse3, ssse3, sse4.1, sse4.2, popcnt, avx, aes, clmul, ht, tsc, tscinvbit

/proc/cpuinfo:
processor	: 0
vendor_id	: GenuineIntel
cpu family	: 6
model		: 42
model name	: Intel(R) Core(TM) i5-2520M CPU @ 2.50GHz
stepping	: 7
microcode	: 0x29
cpu MHz		: 2491.962
cache size	: 3072 KB
physical id	: 0
siblings	: 4
core id		: 0
cpu cores	: 2
apicid		: 0
initial apicid	: 0
fpu		: yes
fpu_exception	: yes
cpuid level	: 13
wp		: yes
flags		: fpu vme de pse tsc msr pae mce cx8 apic sep mtrr pge mca cmov pat pse36 clflush dts acpi mmx fxsr sse sse2 ss ht tm pbe syscall nx rdtscp lm constant_tsc arch_perfmon pebs bts nopl xtopology nonstop_tsc cpuid aperfmperf pni pclmulqdq dtes64 monitor ds_cpl vmx smx est tm2 ssse3 cx16 xtpr pdcm pcid sse4_1 sse4_2 x2apic popcnt tsc_deadline_timer aes xsave avx lahf_lm epb pti tpr_shadow vnmi flexpriority ept vpid xsaveopt dtherm ida arat pln pts
bugs		: cpu_meltdown spectre_v1 spectre_v2
bogomips	: 4983.92
clflush size	: 64
cache_alignment	: 64
address sizes	: 36 bits physical, 48 bits virtual
power management:

processor	: 1
vendor_id	: GenuineIntel
cpu family	: 6
model		: 42
model name	: Intel(R) Core(TM) i5-2520M CPU @ 2.50GHz
stepping	: 7
microcode	: 0x29
cpu MHz		: 2491.962
cache size	: 3072 KB
physical id	: 0
siblings	: 4
core id		: 0
cpu cores	: 2
apicid		: 1
initial apicid	: 1
fpu		: yes
fpu_exception	: yes
cpuid level	: 13
wp		: yes
flags		: fpu vme de pse tsc msr pae mce cx8 apic sep mtrr pge mca cmov pat pse36 clflush dts acpi mmx fxsr sse sse2 ss ht tm pbe syscall nx rdtscp lm constant_tsc arch_perfmon pebs bts nopl xtopology nonstop_tsc cpuid aperfmperf pni pclmulqdq dtes64 monitor ds_cpl vmx smx est tm2 ssse3 cx16 xtpr pdcm pcid sse4_1 sse4_2 x2apic popcnt tsc_deadline_timer aes xsave avx lahf_lm epb pti tpr_shadow vnmi flexpriority ept vpid xsaveopt dtherm ida arat pln pts
bugs		: cpu_meltdown spectre_v1 spectre_v2
bogomips	: 4983.92
clflush size	: 64
cache_alignment	: 64
address sizes	: 36 bits physical, 48 bits virtual
power management:

processor	: 2
vendor_id	: GenuineIntel
cpu family	: 6
model		: 42
model name	: Intel(R) Core(TM) i5-2520M CPU @ 2.50GHz
stepping	: 7
microcode	: 0x29
cpu MHz		: 2491.962
cache size	: 3072 KB
physical id	: 0
siblings	: 4
core id		: 1
cpu cores	: 2
apicid		: 2
initial apicid	: 2
fpu		: yes
fpu_exception	: yes
cpuid level	: 13
wp		: yes
flags		: fpu vme de pse tsc msr pae mce cx8 apic sep mtrr pge mca cmov pat pse36 clflush dts acpi mmx fxsr sse sse2 ss ht tm pbe syscall nx rdtscp lm constant_tsc arch_perfmon pebs bts nopl xtopology nonstop_tsc cpuid aperfmperf pni pclmulqdq dtes64 monitor ds_cpl vmx smx est tm2 ssse3 cx16 xtpr pdcm pcid sse4_1 sse4_2 x2apic popcnt tsc_deadline_timer aes xsave avx lahf_lm epb pti tpr_shadow vnmi flexpriority ept vpid xsaveopt dtherm ida arat pln pts
bugs		: cpu_meltdown spectre_v1 spectre_v2
bogomips	: 4983.92
clflush size	: 64
cache_alignment	: 64
address sizes	: 36 bits physical, 48 bits virtual
power management:

processor	: 3
vendor_id	: GenuineIntel
cpu family	: 6
model		: 42
model name	: Intel(R) Core(TM) i5-2520M CPU @ 2.50GHz
stepping	: 7
microcode	: 0x29
cpu MHz		: 2491.962
cache size	: 3072 KB
physical id	: 0
siblings	: 4
core id		: 1
cpu cores	: 2
apicid		: 3
initial apicid	: 3
fpu		: yes
fpu_exception	: yes
cpuid level	: 13
wp		: yes
flags		: fpu vme de pse tsc msr pae mce cx8 apic sep mtrr pge mca cmov pat pse36 clflush dts acpi mmx fxsr sse sse2 ss ht tm pbe syscall nx rdtscp lm constant_tsc arch_perfmon pebs bts nopl xtopology nonstop_tsc cpuid aperfmperf pni pclmulqdq dtes64 monitor ds_cpl vmx smx est tm2 ssse3 cx16 xtpr pdcm pcid sse4_1 sse4_2 x2apic popcnt tsc_deadline_timer aes xsave avx lahf_lm epb pti tpr_shadow vnmi flexpriority ept vpid xsaveopt dtherm ida arat pln pts
bugs		: cpu_meltdown spectre_v1 spectre_v2
bogomips	: 4983.92
clflush size	: 64
cache_alignment	: 64
address sizes	: 36 bits physical, 48 bits virtual
power management:



Memory: 4k page, physical 3919604k(91412k free), swap 2097148k(4k free)

vm_info: OpenJDK 64-Bit Server VM (25.151-b12) for linux-amd64 JRE (1.8.0_151-8u151-b12-0ubuntu0.17.10.2-b12), built on Oct 23 2017 22:43:02 by "buildd" with gcc 7.2.0

time: Wed Mar  7 13:20:51 2018
elapsed time: 10 seconds (0d 0h 0m 10s)

